17:39:13 **** Build of configuration Debug for project Temperature ****
make all 
Building file: ../system/src/stm32f0-stdperiph/stm32f0xx_adc.c
Invoking: Cross ARM C Compiler
arm-none-eabi-gcc -mcpu=cortex-m0 -mthumb -Og -fmessage-length=0 -fsigned-char -ffunction-sections -fdata-sections -ffreestanding -fno-move-loop-invariants -Wall -Wextra  -g3 -DDEBUG -DUSE_FULL_ASSERT -DTRACE -DOS_USE_TRACE_SEMIHOSTING_DEBUG -DSTM32F030 -DUSE_STDPERIPH_DRIVER -DHSE_VALUE=8000000 -I"../include" -I"../system/include" -I"../system/include/cmsis" -I"../system/include/stm32f0-stdperiph" -std=gnu11 -MMD -MP -MF"system/src/stm32f0-stdperiph/stm32f0xx_adc.d" -MT"system/src/stm32f0-stdperiph/stm32f0xx_adc.o" -c -o "system/src/stm32f0-stdperiph/stm32f0xx_adc.o" "../system/src/stm32f0-stdperiph/stm32f0xx_adc.c"
Finished building: ../system/src/stm32f0-stdperiph/stm32f0xx_adc.c
 
Building file: ../system/src/stm32f0-stdperiph/stm32f0xx_can.c
Invoking: Cross ARM C Compiler
arm-none-eabi-gcc -mcpu=cortex-m0 -mthumb -Og -fmessage-length=0 -fsigned-char -ffunction-sections -fdata-sections -ffreestanding -fno-move-loop-invariants -Wall -Wextra  -g3 -DDEBUG -DUSE_FULL_ASSERT -DTRACE -DOS_USE_TRACE_SEMIHOSTING_DEBUG -DSTM32F030 -DUSE_STDPERIPH_DRIVER -DHSE_VALUE=8000000 -I"../include" -I"../system/include" -I"../system/include/cmsis" -I"../system/include/stm32f0-stdperiph" -std=gnu11 -MMD -MP -MF"system/src/stm32f0-stdperiph/stm32f0xx_can.d" -MT"system/src/stm32f0-stdperiph/stm32f0xx_can.o" -c -o "system/src/stm32f0-stdperiph/stm32f0xx_can.o" "../system/src/stm32f0-stdperiph/stm32f0xx_can.c"
Finished building: ../system/src/stm32f0-stdperiph/stm32f0xx_can.c
 
Building file: ../system/src/stm32f0-stdperiph/stm32f0xx_cec.c
Invoking: Cross ARM C Compiler
arm-none-eabi-gcc -mcpu=cortex-m0 -mthumb -Og -fmessage-length=0 -fsigned-char -ffunction-sections -fdata-sections -ffreestanding -fno-move-loop-invariants -Wall -Wextra  -g3 -DDEBUG -DUSE_FULL_ASSERT -DTRACE -DOS_USE_TRACE_SEMIHOSTING_DEBUG -DSTM32F030 -DUSE_STDPERIPH_DRIVER -DHSE_VALUE=8000000 -I"../include" -I"../system/include" -I"../system/include/cmsis" -I"../system/include/stm32f0-stdperiph" -std=gnu11 -MMD -MP -MF"system/src/stm32f0-stdperiph/stm32f0xx_cec.d" -MT"system/src/stm32f0-stdperiph/stm32f0xx_cec.o" -c -o "system/src/stm32f0-stdperiph/stm32f0xx_cec.o" "../system/src/stm32f0-stdperiph/stm32f0xx_cec.c"
Finished building: ../system/src/stm32f0-stdperiph/stm32f0xx_cec.c
 
Building file: ../system/src/stm32f0-stdperiph/stm32f0xx_comp.c
Invoking: Cross ARM C Compiler
arm-none-eabi-gcc -mcpu=cortex-m0 -mthumb -Og -fmessage-length=0 -fsigned-char -ffunction-sections -fdata-sections -ffreestanding -fno-move-loop-invariants -Wall -Wextra  -g3 -DDEBUG -DUSE_FULL_ASSERT -DTRACE -DOS_USE_TRACE_SEMIHOSTING_DEBUG -DSTM32F030 -DUSE_STDPERIPH_DRIVER -DHSE_VALUE=8000000 -I"../include" -I"../system/include" -I"../system/include/cmsis" -I"../system/include/stm32f0-stdperiph" -std=gnu11 -MMD -MP -MF"system/src/stm32f0-stdperiph/stm32f0xx_comp.d" -MT"system/src/stm32f0-stdperiph/stm32f0xx_comp.o" -c -o "system/src/stm32f0-stdperiph/stm32f0xx_comp.o" "../system/src/stm32f0-stdperiph/stm32f0xx_comp.c"
Finished building: ../system/src/stm32f0-stdperiph/stm32f0xx_comp.c
 
Building file: ../system/src/stm32f0-stdperiph/stm32f0xx_crc.c
Invoking: Cross ARM C Compiler
arm-none-eabi-gcc -mcpu=cortex-m0 -mthumb -Og -fmessage-length=0 -fsigned-char -ffunction-sections -fdata-sections -ffreestanding -fno-move-loop-invariants -Wall -Wextra  -g3 -DDEBUG -DUSE_FULL_ASSERT -DTRACE -DOS_USE_TRACE_SEMIHOSTING_DEBUG -DSTM32F030 -DUSE_STDPERIPH_DRIVER -DHSE_VALUE=8000000 -I"../include" -I"../system/include" -I"../system/include/cmsis" -I"../system/include/stm32f0-stdperiph" -std=gnu11 -MMD -MP -MF"system/src/stm32f0-stdperiph/stm32f0xx_crc.d" -MT"system/src/stm32f0-stdperiph/stm32f0xx_crc.o" -c -o "system/src/stm32f0-stdperiph/stm32f0xx_crc.o" "../system/src/stm32f0-stdperiph/stm32f0xx_crc.c"
Finished building: ../system/src/stm32f0-stdperiph/stm32f0xx_crc.c
 
Building file: ../system/src/stm32f0-stdperiph/stm32f0xx_crs.c
Invoking: Cross ARM C Compiler
arm-none-eabi-gcc -mcpu=cortex-m0 -mthumb -Og -fmessage-length=0 -fsigned-char -ffunction-sections -fdata-sections -ffreestanding -fno-move-loop-invariants -Wall -Wextra  -g3 -DDEBUG -DUSE_FULL_ASSERT -DTRACE -DOS_USE_TRACE_SEMIHOSTING_DEBUG -DSTM32F030 -DUSE_STDPERIPH_DRIVER -DHSE_VALUE=8000000 -I"../include" -I"../system/include" -I"../system/include/cmsis" -I"../system/include/stm32f0-stdperiph" -std=gnu11 -MMD -MP -MF"system/src/stm32f0-stdperiph/stm32f0xx_crs.d" -MT"system/src/stm32f0-stdperiph/stm32f0xx_crs.o" -c -o "system/src/stm32f0-stdperiph/stm32f0xx_crs.o" "../system/src/stm32f0-stdperiph/stm32f0xx_crs.c"
Finished building: ../system/src/stm32f0-stdperiph/stm32f0xx_crs.c
 
Building file: ../system/src/stm32f0-stdperiph/stm32f0xx_dac.c
Invoking: Cross ARM C Compiler
arm-none-eabi-gcc -mcpu=cortex-m0 -mthumb -Og -fmessage-length=0 -fsigned-char -ffunction-sections -fdata-sections -ffreestanding -fno-move-loop-invariants -Wall -Wextra  -g3 -DDEBUG -DUSE_FULL_ASSERT -DTRACE -DOS_USE_TRACE_SEMIHOSTING_DEBUG -DSTM32F030 -DUSE_STDPERIPH_DRIVER -DHSE_VALUE=8000000 -I"../include" -I"../system/include" -I"../system/include/cmsis" -I"../system/include/stm32f0-stdperiph" -std=gnu11 -MMD -MP -MF"system/src/stm32f0-stdperiph/stm32f0xx_dac.d" -MT"system/src/stm32f0-stdperiph/stm32f0xx_dac.o" -c -o "system/src/stm32f0-stdperiph/stm32f0xx_dac.o" "../system/src/stm32f0-stdperiph/stm32f0xx_dac.c"
Finished building: ../system/src/stm32f0-stdperiph/stm32f0xx_dac.c
 
Building file: ../system/src/stm32f0-stdperiph/stm32f0xx_dbgmcu.c
Invoking: Cross ARM C Compiler
arm-none-eabi-gcc -mcpu=cortex-m0 -mthumb -Og -fmessage-length=0 -fsigned-char -ffunction-sections -fdata-sections -ffreestanding -fno-move-loop-invariants -Wall -Wextra  -g3 -DDEBUG -DUSE_FULL_ASSERT -DTRACE -DOS_USE_TRACE_SEMIHOSTING_DEBUG -DSTM32F030 -DUSE_STDPERIPH_DRIVER -DHSE_VALUE=8000000 -I"../include" -I"../system/include" -I"../system/include/cmsis" -I"../system/include/stm32f0-stdperiph" -std=gnu11 -MMD -MP -MF"system/src/stm32f0-stdperiph/stm32f0xx_dbgmcu.d" -MT"system/src/stm32f0-stdperiph/stm32f0xx_dbgmcu.o" -c -o "system/src/stm32f0-stdperiph/stm32f0xx_dbgmcu.o" "../system/src/stm32f0-stdperiph/stm32f0xx_dbgmcu.c"
Finished building: ../system/src/stm32f0-stdperiph/stm32f0xx_dbgmcu.c
 
Building file: ../system/src/stm32f0-stdperiph/stm32f0xx_dma.c
Invoking: Cross ARM C Compiler
arm-none-eabi-gcc -mcpu=cortex-m0 -mthumb -Og -fmessage-length=0 -fsigned-char -ffunction-sections -fdata-sections -ffreestanding -fno-move-loop-invariants -Wall -Wextra  -g3 -DDEBUG -DUSE_FULL_ASSERT -DTRACE -DOS_USE_TRACE_SEMIHOSTING_DEBUG -DSTM32F030 -DUSE_STDPERIPH_DRIVER -DHSE_VALUE=8000000 -I"../include" -I"../system/include" -I"../system/include/cmsis" -I"../system/include/stm32f0-stdperiph" -std=gnu11 -MMD -MP -MF"system/src/stm32f0-stdperiph/stm32f0xx_dma.d" -MT"system/src/stm32f0-stdperiph/stm32f0xx_dma.o" -c -o "system/src/stm32f0-stdperiph/stm32f0xx_dma.o" "../system/src/stm32f0-stdperiph/stm32f0xx_dma.c"
Finished building: ../system/src/stm32f0-stdperiph/stm32f0xx_dma.c
 
Building file: ../system/src/stm32f0-stdperiph/stm32f0xx_exti.c
Invoking: Cross ARM C Compiler
arm-none-eabi-gcc -mcpu=cortex-m0 -mthumb -Og -fmessage-length=0 -fsigned-char -ffunction-sections -fdata-sections -ffreestanding -fno-move-loop-invariants -Wall -Wextra  -g3 -DDEBUG -DUSE_FULL_ASSERT -DTRACE -DOS_USE_TRACE_SEMIHOSTING_DEBUG -DSTM32F030 -DUSE_STDPERIPH_DRIVER -DHSE_VALUE=8000000 -I"../include" -I"../system/include" -I"../system/include/cmsis" -I"../system/include/stm32f0-stdperiph" -std=gnu11 -MMD -MP -MF"system/src/stm32f0-stdperiph/stm32f0xx_exti.d" -MT"system/src/stm32f0-stdperiph/stm32f0xx_exti.o" -c -o "system/src/stm32f0-stdperiph/stm32f0xx_exti.o" "../system/src/stm32f0-stdperiph/stm32f0xx_exti.c"
Finished building: ../system/src/stm32f0-stdperiph/stm32f0xx_exti.c
 
Building file: ../system/src/stm32f0-stdperiph/stm32f0xx_flash.c
Invoking: Cross ARM C Compiler
arm-none-eabi-gcc -mcpu=cortex-m0 -mthumb -Og -fmessage-length=0 -fsigned-char -ffunction-sections -fdata-sections -ffreestanding -fno-move-loop-invariants -Wall -Wextra  -g3 -DDEBUG -DUSE_FULL_ASSERT -DTRACE -DOS_USE_TRACE_SEMIHOSTING_DEBUG -DSTM32F030 -DUSE_STDPERIPH_DRIVER -DHSE_VALUE=8000000 -I"../include" -I"../system/include" -I"../system/include/cmsis" -I"../system/include/stm32f0-stdperiph" -std=gnu11 -MMD -MP -MF"system/src/stm32f0-stdperiph/stm32f0xx_flash.d" -MT"system/src/stm32f0-stdperiph/stm32f0xx_flash.o" -c -o "system/src/stm32f0-stdperiph/stm32f0xx_flash.o" "../system/src/stm32f0-stdperiph/stm32f0xx_flash.c"
Finished building: ../system/src/stm32f0-stdperiph/stm32f0xx_flash.c
 
Building file: ../system/src/stm32f0-stdperiph/stm32f0xx_gpio.c
Invoking: Cross ARM C Compiler
arm-none-eabi-gcc -mcpu=cortex-m0 -mthumb -Og -fmessage-length=0 -fsigned-char -ffunction-sections -fdata-sections -ffreestanding -fno-move-loop-invariants -Wall -Wextra  -g3 -DDEBUG -DUSE_FULL_ASSERT -DTRACE -DOS_USE_TRACE_SEMIHOSTING_DEBUG -DSTM32F030 -DUSE_STDPERIPH_DRIVER -DHSE_VALUE=8000000 -I"../include" -I"../system/include" -I"../system/include/cmsis" -I"../system/include/stm32f0-stdperiph" -std=gnu11 -MMD -MP -MF"system/src/stm32f0-stdperiph/stm32f0xx_gpio.d" -MT"system/src/stm32f0-stdperiph/stm32f0xx_gpio.o" -c -o "system/src/stm32f0-stdperiph/stm32f0xx_gpio.o" "../system/src/stm32f0-stdperiph/stm32f0xx_gpio.c"
Finished building: ../system/src/stm32f0-stdperiph/stm32f0xx_gpio.c
 
Building file: ../system/src/stm32f0-stdperiph/stm32f0xx_i2c.c
Invoking: Cross ARM C Compiler
arm-none-eabi-gcc -mcpu=cortex-m0 -mthumb -Og -fmessage-length=0 -fsigned-char -ffunction-sections -fdata-sections -ffreestanding -fno-move-loop-invariants -Wall -Wextra  -g3 -DDEBUG -DUSE_FULL_ASSERT -DTRACE -DOS_USE_TRACE_SEMIHOSTING_DEBUG -DSTM32F030 -DUSE_STDPERIPH_DRIVER -DHSE_VALUE=8000000 -I"../include" -I"../system/include" -I"../system/include/cmsis" -I"../system/include/stm32f0-stdperiph" -std=gnu11 -MMD -MP -MF"system/src/stm32f0-stdperiph/stm32f0xx_i2c.d" -MT"system/src/stm32f0-stdperiph/stm32f0xx_i2c.o" -c -o "system/src/stm32f0-stdperiph/stm32f0xx_i2c.o" "../system/src/stm32f0-stdperiph/stm32f0xx_i2c.c"
Finished building: ../system/src/stm32f0-stdperiph/stm32f0xx_i2c.c
 
Building file: ../system/src/stm32f0-stdperiph/stm32f0xx_iwdg.c
Invoking: Cross ARM C Compiler
arm-none-eabi-gcc -mcpu=cortex-m0 -mthumb -Og -fmessage-length=0 -fsigned-char -ffunction-sections -fdata-sections -ffreestanding -fno-move-loop-invariants -Wall -Wextra  -g3 -DDEBUG -DUSE_FULL_ASSERT -DTRACE -DOS_USE_TRACE_SEMIHOSTING_DEBUG -DSTM32F030 -DUSE_STDPERIPH_DRIVER -DHSE_VALUE=8000000 -I"../include" -I"../system/include" -I"../system/include/cmsis" -I"../system/include/stm32f0-stdperiph" -std=gnu11 -MMD -MP -MF"system/src/stm32f0-stdperiph/stm32f0xx_iwdg.d" -MT"system/src/stm32f0-stdperiph/stm32f0xx_iwdg.o" -c -o "system/src/stm32f0-stdperiph/stm32f0xx_iwdg.o" "../system/src/stm32f0-stdperiph/stm32f0xx_iwdg.c"
Finished building: ../system/src/stm32f0-stdperiph/stm32f0xx_iwdg.c
 
Building file: ../system/src/stm32f0-stdperiph/stm32f0xx_misc.c
Invoking: Cross ARM C Compiler
arm-none-eabi-gcc -mcpu=cortex-m0 -mthumb -Og -fmessage-length=0 -fsigned-char -ffunction-sections -fdata-sections -ffreestanding -fno-move-loop-invariants -Wall -Wextra  -g3 -DDEBUG -DUSE_FULL_ASSERT -DTRACE -DOS_USE_TRACE_SEMIHOSTING_DEBUG -DSTM32F030 -DUSE_STDPERIPH_DRIVER -DHSE_VALUE=8000000 -I"../include" -I"../system/include" -I"../system/include/cmsis" -I"../system/include/stm32f0-stdperiph" -std=gnu11 -MMD -MP -MF"system/src/stm32f0-stdperiph/stm32f0xx_misc.d" -MT"system/src/stm32f0-stdperiph/stm32f0xx_misc.o" -c -o "system/src/stm32f0-stdperiph/stm32f0xx_misc.o" "../system/src/stm32f0-stdperiph/stm32f0xx_misc.c"
Finished building: ../system/src/stm32f0-stdperiph/stm32f0xx_misc.c
 
Building file: ../system/src/stm32f0-stdperiph/stm32f0xx_pwr.c
Invoking: Cross ARM C Compiler
arm-none-eabi-gcc -mcpu=cortex-m0 -mthumb -Og -fmessage-length=0 -fsigned-char -ffunction-sections -fdata-sections -ffreestanding -fno-move-loop-invariants -Wall -Wextra  -g3 -DDEBUG -DUSE_FULL_ASSERT -DTRACE -DOS_USE_TRACE_SEMIHOSTING_DEBUG -DSTM32F030 -DUSE_STDPERIPH_DRIVER -DHSE_VALUE=8000000 -I"../include" -I"../system/include" -I"../system/include/cmsis" -I"../system/include/stm32f0-stdperiph" -std=gnu11 -MMD -MP -MF"system/src/stm32f0-stdperiph/stm32f0xx_pwr.d" -MT"system/src/stm32f0-stdperiph/stm32f0xx_pwr.o" -c -o "system/src/stm32f0-stdperiph/stm32f0xx_pwr.o" "../system/src/stm32f0-stdperiph/stm32f0xx_pwr.c"
Finished building: ../system/src/stm32f0-stdperiph/stm32f0xx_pwr.c
 
Building file: ../system/src/stm32f0-stdperiph/stm32f0xx_rcc.c
Invoking: Cross ARM C Compiler
arm-none-eabi-gcc -mcpu=cortex-m0 -mthumb -Og -fmessage-length=0 -fsigned-char -ffunction-sections -fdata-sections -ffreestanding -fno-move-loop-invariants -Wall -Wextra  -g3 -DDEBUG -DUSE_FULL_ASSERT -DTRACE -DOS_USE_TRACE_SEMIHOSTING_DEBUG -DSTM32F030 -DUSE_STDPERIPH_DRIVER -DHSE_VALUE=8000000 -I"../include" -I"../system/include" -I"../system/include/cmsis" -I"../system/include/stm32f0-stdperiph" -std=gnu11 -MMD -MP -MF"system/src/stm32f0-stdperiph/stm32f0xx_rcc.d" -MT"system/src/stm32f0-stdperiph/stm32f0xx_rcc.o" -c -o "system/src/stm32f0-stdperiph/stm32f0xx_rcc.o" "../system/src/stm32f0-stdperiph/stm32f0xx_rcc.c"
Finished building: ../system/src/stm32f0-stdperiph/stm32f0xx_rcc.c
 
Building file: ../system/src/stm32f0-stdperiph/stm32f0xx_rtc.c
Invoking: Cross ARM C Compiler
arm-none-eabi-gcc -mcpu=cortex-m0 -mthumb -Og -fmessage-length=0 -fsigned-char -ffunction-sections -fdata-sections -ffreestanding -fno-move-loop-invariants -Wall -Wextra  -g3 -DDEBUG -DUSE_FULL_ASSERT -DTRACE -DOS_USE_TRACE_SEMIHOSTING_DEBUG -DSTM32F030 -DUSE_STDPERIPH_DRIVER -DHSE_VALUE=8000000 -I"../include" -I"../system/include" -I"../system/include/cmsis" -I"../system/include/stm32f0-stdperiph" -std=gnu11 -MMD -MP -MF"system/src/stm32f0-stdperiph/stm32f0xx_rtc.d" -MT"system/src/stm32f0-stdperiph/stm32f0xx_rtc.o" -c -o "system/src/stm32f0-stdperiph/stm32f0xx_rtc.o" "../system/src/stm32f0-stdperiph/stm32f0xx_rtc.c"
Finished building: ../system/src/stm32f0-stdperiph/stm32f0xx_rtc.c
 
Building file: ../system/src/stm32f0-stdperiph/stm32f0xx_spi.c
Invoking: Cross ARM C Compiler
arm-none-eabi-gcc -mcpu=cortex-m0 -mthumb -Og -fmessage-length=0 -fsigned-char -ffunction-sections -fdata-sections -ffreestanding -fno-move-loop-invariants -Wall -Wextra  -g3 -DDEBUG -DUSE_FULL_ASSERT -DTRACE -DOS_USE_TRACE_SEMIHOSTING_DEBUG -DSTM32F030 -DUSE_STDPERIPH_DRIVER -DHSE_VALUE=8000000 -I"../include" -I"../system/include" -I"../system/include/cmsis" -I"../system/include/stm32f0-stdperiph" -std=gnu11 -MMD -MP -MF"system/src/stm32f0-stdperiph/stm32f0xx_spi.d" -MT"system/src/stm32f0-stdperiph/stm32f0xx_spi.o" -c -o "system/src/stm32f0-stdperiph/stm32f0xx_spi.o" "../system/src/stm32f0-stdperiph/stm32f0xx_spi.c"
Finished building: ../system/src/stm32f0-stdperiph/stm32f0xx_spi.c
 
Building file: ../system/src/stm32f0-stdperiph/stm32f0xx_syscfg.c
Invoking: Cross ARM C Compiler
arm-none-eabi-gcc -mcpu=cortex-m0 -mthumb -Og -fmessage-length=0 -fsigned-char -ffunction-sections -fdata-sections -ffreestanding -fno-move-loop-invariants -Wall -Wextra  -g3 -DDEBUG -DUSE_FULL_ASSERT -DTRACE -DOS_USE_TRACE_SEMIHOSTING_DEBUG -DSTM32F030 -DUSE_STDPERIPH_DRIVER -DHSE_VALUE=8000000 -I"../include" -I"../system/include" -I"../system/include/cmsis" -I"../system/include/stm32f0-stdperiph" -std=gnu11 -MMD -MP -MF"system/src/stm32f0-stdperiph/stm32f0xx_syscfg.d" -MT"system/src/stm32f0-stdperiph/stm32f0xx_syscfg.o" -c -o "system/src/stm32f0-stdperiph/stm32f0xx_syscfg.o" "../system/src/stm32f0-stdperiph/stm32f0xx_syscfg.c"
Finished building: ../system/src/stm32f0-stdperiph/stm32f0xx_syscfg.c
 
Building file: ../system/src/stm32f0-stdperiph/stm32f0xx_tim.c
Invoking: Cross ARM C Compiler
arm-none-eabi-gcc -mcpu=cortex-m0 -mthumb -Og -fmessage-length=0 -fsigned-char -ffunction-sections -fdata-sections -ffreestanding -fno-move-loop-invariants -Wall -Wextra  -g3 -DDEBUG -DUSE_FULL_ASSERT -DTRACE -DOS_USE_TRACE_SEMIHOSTING_DEBUG -DSTM32F030 -DUSE_STDPERIPH_DRIVER -DHSE_VALUE=8000000 -I"../include" -I"../system/include" -I"../system/include/cmsis" -I"../system/include/stm32f0-stdperiph" -std=gnu11 -MMD -MP -MF"system/src/stm32f0-stdperiph/stm32f0xx_tim.d" -MT"system/src/stm32f0-stdperiph/stm32f0xx_tim.o" -c -o "system/src/stm32f0-stdperiph/stm32f0xx_tim.o" "../system/src/stm32f0-stdperiph/stm32f0xx_tim.c"
Finished building: ../system/src/stm32f0-stdperiph/stm32f0xx_tim.c
 
Building file: ../system/src/stm32f0-stdperiph/stm32f0xx_usart.c
Invoking: Cross ARM C Compiler
arm-none-eabi-gcc -mcpu=cortex-m0 -mthumb -Og -fmessage-length=0 -fsigned-char -ffunction-sections -fdata-sections -ffreestanding -fno-move-loop-invariants -Wall -Wextra  -g3 -DDEBUG -DUSE_FULL_ASSERT -DTRACE -DOS_USE_TRACE_SEMIHOSTING_DEBUG -DSTM32F030 -DUSE_STDPERIPH_DRIVER -DHSE_VALUE=8000000 -I"../include" -I"../system/include" -I"../system/include/cmsis" -I"../system/include/stm32f0-stdperiph" -std=gnu11 -MMD -MP -MF"system/src/stm32f0-stdperiph/stm32f0xx_usart.d" -MT"system/src/stm32f0-stdperiph/stm32f0xx_usart.o" -c -o "system/src/stm32f0-stdperiph/stm32f0xx_usart.o" "../system/src/stm32f0-stdperiph/stm32f0xx_usart.c"
Finished building: ../system/src/stm32f0-stdperiph/stm32f0xx_usart.c
 
Building file: ../system/src/stm32f0-stdperiph/stm32f0xx_wwdg.c
Invoking: Cross ARM C Compiler
arm-none-eabi-gcc -mcpu=cortex-m0 -mthumb -Og -fmessage-length=0 -fsigned-char -ffunction-sections -fdata-sections -ffreestanding -fno-move-loop-invariants -Wall -Wextra  -g3 -DDEBUG -DUSE_FULL_ASSERT -DTRACE -DOS_USE_TRACE_SEMIHOSTING_DEBUG -DSTM32F030 -DUSE_STDPERIPH_DRIVER -DHSE_VALUE=8000000 -I"../include" -I"../system/include" -I"../system/include/cmsis" -I"../system/include/stm32f0-stdperiph" -std=gnu11 -MMD -MP -MF"system/src/stm32f0-stdperiph/stm32f0xx_wwdg.d" -MT"system/src/stm32f0-stdperiph/stm32f0xx_wwdg.o" -c -o "system/src/stm32f0-stdperiph/stm32f0xx_wwdg.o" "../system/src/stm32f0-stdperiph/stm32f0xx_wwdg.c"
Finished building: ../system/src/stm32f0-stdperiph/stm32f0xx_wwdg.c
 
Building file: ../system/src/newlib/_cxx.cpp
Invoking: Cross ARM C++ Compiler
arm-none-eabi-g++ -mcpu=cortex-m0 -mthumb -Og -fmessage-length=0 -fsigned-char -ffunction-sections -fdata-sections -ffreestanding -fno-move-loop-invariants -Wall -Wextra  -g3 -DDEBUG -DUSE_FULL_ASSERT -DTRACE -DOS_USE_TRACE_SEMIHOSTING_DEBUG -DSTM32F030 -DUSE_STDPERIPH_DRIVER -DHSE_VALUE=8000000 -I"../include" -I"../system/include" -I"../system/include/cmsis" -I"../system/include/stm32f0-stdperiph" -std=gnu++11 -fabi-version=0 -fno-exceptions -fno-rtti -fno-use-cxa-atexit -fno-threadsafe-statics -MMD -MP -MF"system/src/newlib/_cxx.d" -MT"system/src/newlib/_cxx.o" -c -o "system/src/newlib/_cxx.o" "../system/src/newlib/_cxx.cpp"
Finished building: ../system/src/newlib/_cxx.cpp
 
Building file: ../system/src/newlib/_exit.c
Invoking: Cross ARM C Compiler
arm-none-eabi-gcc -mcpu=cortex-m0 -mthumb -Og -fmessage-length=0 -fsigned-char -ffunction-sections -fdata-sections -ffreestanding -fno-move-loop-invariants -Wall -Wextra  -g3 -DDEBUG -DUSE_FULL_ASSERT -DTRACE -DOS_USE_TRACE_SEMIHOSTING_DEBUG -DSTM32F030 -DUSE_STDPERIPH_DRIVER -DHSE_VALUE=8000000 -I"../include" -I"../system/include" -I"../system/include/cmsis" -I"../system/include/stm32f0-stdperiph" -std=gnu11 -MMD -MP -MF"system/src/newlib/_exit.d" -MT"system/src/newlib/_exit.o" -c -o "system/src/newlib/_exit.o" "../system/src/newlib/_exit.c"
Finished building: ../system/src/newlib/_exit.c
 
Building file: ../system/src/newlib/_sbrk.c
Invoking: Cross ARM C Compiler
arm-none-eabi-gcc -mcpu=cortex-m0 -mthumb -Og -fmessage-length=0 -fsigned-char -ffunction-sections -fdata-sections -ffreestanding -fno-move-loop-invariants -Wall -Wextra  -g3 -DDEBUG -DUSE_FULL_ASSERT -DTRACE -DOS_USE_TRACE_SEMIHOSTING_DEBUG -DSTM32F030 -DUSE_STDPERIPH_DRIVER -DHSE_VALUE=8000000 -I"../include" -I"../system/include" -I"../system/include/cmsis" -I"../system/include/stm32f0-stdperiph" -std=gnu11 -MMD -MP -MF"system/src/newlib/_sbrk.d" -MT"system/src/newlib/_sbrk.o" -c -o "system/src/newlib/_sbrk.o" "../system/src/newlib/_sbrk.c"
Finished building: ../system/src/newlib/_sbrk.c
 
Building file: ../system/src/newlib/_startup.c
Invoking: Cross ARM C Compiler
arm-none-eabi-gcc -mcpu=cortex-m0 -mthumb -Og -fmessage-length=0 -fsigned-char -ffunction-sections -fdata-sections -ffreestanding -fno-move-loop-invariants -Wall -Wextra  -g3 -DDEBUG -DUSE_FULL_ASSERT -DTRACE -DOS_USE_TRACE_SEMIHOSTING_DEBUG -DSTM32F030 -DUSE_STDPERIPH_DRIVER -DHSE_VALUE=8000000 -I"../include" -I"../system/include" -I"../system/include/cmsis" -I"../system/include/stm32f0-stdperiph" -std=gnu11 -MMD -MP -MF"system/src/newlib/_startup.d" -MT"system/src/newlib/_startup.o" -c -o "system/src/newlib/_startup.o" "../system/src/newlib/_startup.c"
Finished building: ../system/src/newlib/_startup.c
 
Building file: ../system/src/newlib/_syscalls.c
Invoking: Cross ARM C Compiler
arm-none-eabi-gcc -mcpu=cortex-m0 -mthumb -Og -fmessage-length=0 -fsigned-char -ffunction-sections -fdata-sections -ffreestanding -fno-move-loop-invariants -Wall -Wextra  -g3 -DDEBUG -DUSE_FULL_ASSERT -DTRACE -DOS_USE_TRACE_SEMIHOSTING_DEBUG -DSTM32F030 -DUSE_STDPERIPH_DRIVER -DHSE_VALUE=8000000 -I"../include" -I"../system/include" -I"../system/include/cmsis" -I"../system/include/stm32f0-stdperiph" -std=gnu11 -MMD -MP -MF"system/src/newlib/_syscalls.d" -MT"system/src/newlib/_syscalls.o" -c -o "system/src/newlib/_syscalls.o" "../system/src/newlib/_syscalls.c"
Finished building: ../system/src/newlib/_syscalls.c
 
Building file: ../system/src/newlib/assert.c
Invoking: Cross ARM C Compiler
arm-none-eabi-gcc -mcpu=cortex-m0 -mthumb -Og -fmessage-length=0 -fsigned-char -ffunction-sections -fdata-sections -ffreestanding -fno-move-loop-invariants -Wall -Wextra  -g3 -DDEBUG -DUSE_FULL_ASSERT -DTRACE -DOS_USE_TRACE_SEMIHOSTING_DEBUG -DSTM32F030 -DUSE_STDPERIPH_DRIVER -DHSE_VALUE=8000000 -I"../include" -I"../system/include" -I"../system/include/cmsis" -I"../system/include/stm32f0-stdperiph" -std=gnu11 -MMD -MP -MF"system/src/newlib/assert.d" -MT"system/src/newlib/assert.o" -c -o "system/src/newlib/assert.o" "../system/src/newlib/assert.c"
Finished building: ../system/src/newlib/assert.c
 
Building file: ../system/src/diag/Trace.c
Invoking: Cross ARM C Compiler
arm-none-eabi-gcc -mcpu=cortex-m0 -mthumb -Og -fmessage-length=0 -fsigned-char -ffunction-sections -fdata-sections -ffreestanding -fno-move-loop-invariants -Wall -Wextra  -g3 -DDEBUG -DUSE_FULL_ASSERT -DTRACE -DOS_USE_TRACE_SEMIHOSTING_DEBUG -DSTM32F030 -DUSE_STDPERIPH_DRIVER -DHSE_VALUE=8000000 -I"../include" -I"../system/include" -I"../system/include/cmsis" -I"../system/include/stm32f0-stdperiph" -std=gnu11 -MMD -MP -MF"system/src/diag/Trace.d" -MT"system/src/diag/Trace.o" -c -o "system/src/diag/Trace.o" "../system/src/diag/Trace.c"
Finished building: ../system/src/diag/Trace.c
 
Building file: ../system/src/diag/trace_impl.c
Invoking: Cross ARM C Compiler
arm-none-eabi-gcc -mcpu=cortex-m0 -mthumb -Og -fmessage-length=0 -fsigned-char -ffunction-sections -fdata-sections -ffreestanding -fno-move-loop-invariants -Wall -Wextra  -g3 -DDEBUG -DUSE_FULL_ASSERT -DTRACE -DOS_USE_TRACE_SEMIHOSTING_DEBUG -DSTM32F030 -DUSE_STDPERIPH_DRIVER -DHSE_VALUE=8000000 -I"../include" -I"../system/include" -I"../system/include/cmsis" -I"../system/include/stm32f0-stdperiph" -std=gnu11 -MMD -MP -MF"system/src/diag/trace_impl.d" -MT"system/src/diag/trace_impl.o" -c -o "system/src/diag/trace_impl.o" "../system/src/diag/trace_impl.c"
Finished building: ../system/src/diag/trace_impl.c
 
Building file: ../system/src/cortexm/_initialize_hardware.c
Invoking: Cross ARM C Compiler
arm-none-eabi-gcc -mcpu=cortex-m0 -mthumb -Og -fmessage-length=0 -fsigned-char -ffunction-sections -fdata-sections -ffreestanding -fno-move-loop-invariants -Wall -Wextra  -g3 -DDEBUG -DUSE_FULL_ASSERT -DTRACE -DOS_USE_TRACE_SEMIHOSTING_DEBUG -DSTM32F030 -DUSE_STDPERIPH_DRIVER -DHSE_VALUE=8000000 -I"../include" -I"../system/include" -I"../system/include/cmsis" -I"../system/include/stm32f0-stdperiph" -std=gnu11 -MMD -MP -MF"system/src/cortexm/_initialize_hardware.d" -MT"system/src/cortexm/_initialize_hardware.o" -c -o "system/src/cortexm/_initialize_hardware.o" "../system/src/cortexm/_initialize_hardware.c"
Finished building: ../system/src/cortexm/_initialize_hardware.c
 
Building file: ../system/src/cortexm/_reset_hardware.c
Invoking: Cross ARM C Compiler
arm-none-eabi-gcc -mcpu=cortex-m0 -mthumb -Og -fmessage-length=0 -fsigned-char -ffunction-sections -fdata-sections -ffreestanding -fno-move-loop-invariants -Wall -Wextra  -g3 -DDEBUG -DUSE_FULL_ASSERT -DTRACE -DOS_USE_TRACE_SEMIHOSTING_DEBUG -DSTM32F030 -DUSE_STDPERIPH_DRIVER -DHSE_VALUE=8000000 -I"../include" -I"../system/include" -I"../system/include/cmsis" -I"../system/include/stm32f0-stdperiph" -std=gnu11 -MMD -MP -MF"system/src/cortexm/_reset_hardware.d" -MT"system/src/cortexm/_reset_hardware.o" -c -o "system/src/cortexm/_reset_hardware.o" "../system/src/cortexm/_reset_hardware.c"
Finished building: ../system/src/cortexm/_reset_hardware.c
 
Building file: ../system/src/cortexm/exception_handlers.c
Invoking: Cross ARM C Compiler
arm-none-eabi-gcc -mcpu=cortex-m0 -mthumb -Og -fmessage-length=0 -fsigned-char -ffunction-sections -fdata-sections -ffreestanding -fno-move-loop-invariants -Wall -Wextra  -g3 -DDEBUG -DUSE_FULL_ASSERT -DTRACE -DOS_USE_TRACE_SEMIHOSTING_DEBUG -DSTM32F030 -DUSE_STDPERIPH_DRIVER -DHSE_VALUE=8000000 -I"../include" -I"../system/include" -I"../system/include/cmsis" -I"../system/include/stm32f0-stdperiph" -std=gnu11 -MMD -MP -MF"system/src/cortexm/exception_handlers.d" -MT"system/src/cortexm/exception_handlers.o" -c -o "system/src/cortexm/exception_handlers.o" "../system/src/cortexm/exception_handlers.c"
Finished building: ../system/src/cortexm/exception_handlers.c
 
Building file: ../system/src/cmsis/system_stm32f0xx.c
Invoking: Cross ARM C Compiler
arm-none-eabi-gcc -mcpu=cortex-m0 -mthumb -Og -fmessage-length=0 -fsigned-char -ffunction-sections -fdata-sections -ffreestanding -fno-move-loop-invariants -Wall -Wextra  -g3 -DDEBUG -DUSE_FULL_ASSERT -DTRACE -DOS_USE_TRACE_SEMIHOSTING_DEBUG -DSTM32F030 -DUSE_STDPERIPH_DRIVER -DHSE_VALUE=8000000 -I"../include" -I"../system/include" -I"../system/include/cmsis" -I"../system/include/stm32f0-stdperiph" -std=gnu11 -MMD -MP -MF"system/src/cmsis/system_stm32f0xx.d" -MT"system/src/cmsis/system_stm32f0xx.o" -c -o "system/src/cmsis/system_stm32f0xx.o" "../system/src/cmsis/system_stm32f0xx.c"
Finished building: ../system/src/cmsis/system_stm32f0xx.c
 
Building file: ../system/src/cmsis/vectors_stm32f0xx.c
Invoking: Cross ARM C Compiler
arm-none-eabi-gcc -mcpu=cortex-m0 -mthumb -Og -fmessage-length=0 -fsigned-char -ffunction-sections -fdata-sections -ffreestanding -fno-move-loop-invariants -Wall -Wextra  -g3 -DDEBUG -DUSE_FULL_ASSERT -DTRACE -DOS_USE_TRACE_SEMIHOSTING_DEBUG -DSTM32F030 -DUSE_STDPERIPH_DRIVER -DHSE_VALUE=8000000 -I"../include" -I"../system/include" -I"../system/include/cmsis" -I"../system/include/stm32f0-stdperiph" -std=gnu11 -MMD -MP -MF"system/src/cmsis/vectors_stm32f0xx.d" -MT"system/src/cmsis/vectors_stm32f0xx.o" -c -o "system/src/cmsis/vectors_stm32f0xx.o" "../system/src/cmsis/vectors_stm32f0xx.c"
Finished building: ../system/src/cmsis/vectors_stm32f0xx.c
 
Building file: ../src/MCU/led.c
Invoking: Cross ARM C Compiler
arm-none-eabi-gcc -mcpu=cortex-m0 -mthumb -Og -fmessage-length=0 -fsigned-char -ffunction-sections -fdata-sections -ffreestanding -fno-move-loop-invariants -Wall -Wextra  -g3 -DDEBUG -DUSE_FULL_ASSERT -DTRACE -DOS_USE_TRACE_SEMIHOSTING_DEBUG -DSTM32F030 -DUSE_STDPERIPH_DRIVER -DHSE_VALUE=8000000 -I"../include" -I"../system/include" -I"../system/include/cmsis" -I"../system/include/stm32f0-stdperiph" -std=gnu11 -MMD -MP -MF"src/MCU/led.d" -MT"src/MCU/led.o" -c -o "src/MCU/led.o" "../src/MCU/led.c"
Finished building: ../src/MCU/led.c
 
Building file: ../src/MCU/tick.c
Invoking: Cross ARM C Compiler
arm-none-eabi-gcc -mcpu=cortex-m0 -mthumb -Og -fmessage-length=0 -fsigned-char -ffunction-sections -fdata-sections -ffreestanding -fno-move-loop-invariants -Wall -Wextra  -g3 -DDEBUG -DUSE_FULL_ASSERT -DTRACE -DOS_USE_TRACE_SEMIHOSTING_DEBUG -DSTM32F030 -DUSE_STDPERIPH_DRIVER -DHSE_VALUE=8000000 -I"../include" -I"../system/include" -I"../system/include/cmsis" -I"../system/include/stm32f0-stdperiph" -std=gnu11 -MMD -MP -MF"src/MCU/tick.d" -MT"src/MCU/tick.o" -c -o "src/MCU/tick.o" "../src/MCU/tick.c"
Finished building: ../src/MCU/tick.c
 
Building file: ../src/MCU/usart2.c
Invoking: Cross ARM C Compiler
arm-none-eabi-gcc -mcpu=cortex-m0 -mthumb -Og -fmessage-length=0 -fsigned-char -ffunction-sections -fdata-sections -ffreestanding -fno-move-loop-invariants -Wall -Wextra  -g3 -DDEBUG -DUSE_FULL_ASSERT -DTRACE -DOS_USE_TRACE_SEMIHOSTING_DEBUG -DSTM32F030 -DUSE_STDPERIPH_DRIVER -DHSE_VALUE=8000000 -I"../include" -I"../system/include" -I"../system/include/cmsis" -I"../system/include/stm32f0-stdperiph" -std=gnu11 -MMD -MP -MF"src/MCU/usart2.d" -MT"src/MCU/usart2.o" -c -o "src/MCU/usart2.o" "../src/MCU/usart2.c"
Finished building: ../src/MCU/usart2.c
 
Building file: ../src/ADC.c
Invoking: Cross ARM C Compiler
arm-none-eabi-gcc -mcpu=cortex-m0 -mthumb -Og -fmessage-length=0 -fsigned-char -ffunction-sections -fdata-sections -ffreestanding -fno-move-loop-invariants -Wall -Wextra  -g3 -DDEBUG -DUSE_FULL_ASSERT -DTRACE -DOS_USE_TRACE_SEMIHOSTING_DEBUG -DSTM32F030 -DUSE_STDPERIPH_DRIVER -DHSE_VALUE=8000000 -I"../include" -I"../system/include" -I"../system/include/cmsis" -I"../system/include/stm32f0-stdperiph" -std=gnu11 -MMD -MP -MF"src/ADC.d" -MT"src/ADC.o" -c -o "src/ADC.o" "../src/ADC.c"
../src/ADC.c: In function 'ADC_ReadNorm':
../src/ADC.c:78:41: warning: unused parameter 'channel' [-Wunused-parameter]
 uint_fast8_t ADC_ReadNorm(uint_fast32_t channel, float *destination) {
                                         ^
../src/ADC.c:78:57: warning: unused parameter 'destination' [-Wunused-parameter]
 uint_fast8_t ADC_ReadNorm(uint_fast32_t channel, float *destination) {
                                                         ^
../src/ADC.c: In function 'ADC_CalibratedTemperature':
../src/ADC.c:100:47: warning: unused parameter 'rawData' [-Wunused-parameter]
 float ADC_CalibratedTemperature(uint_fast16_t rawData) {
                                               ^
Finished building: ../src/ADC.c
 
Building file: ../src/FIFO.c
Invoking: Cross ARM C Compiler
arm-none-eabi-gcc -mcpu=cortex-m0 -mthumb -Og -fmessage-length=0 -fsigned-char -ffunction-sections -fdata-sections -ffreestanding -fno-move-loop-invariants -Wall -Wextra  -g3 -DDEBUG -DUSE_FULL_ASSERT -DTRACE -DOS_USE_TRACE_SEMIHOSTING_DEBUG -DSTM32F030 -DUSE_STDPERIPH_DRIVER -DHSE_VALUE=8000000 -I"../include" -I"../system/include" -I"../system/include/cmsis" -I"../system/include/stm32f0-stdperiph" -std=gnu11 -MMD -MP -MF"src/FIFO.d" -MT"src/FIFO.o" -c -o "src/FIFO.o" "../src/FIFO.c"
Finished building: ../src/FIFO.c
 
Building file: ../src/Terminal.c
Invoking: Cross ARM C Compiler
arm-none-eabi-gcc -mcpu=cortex-m0 -mthumb -Og -fmessage-length=0 -fsigned-char -ffunction-sections -fdata-sections -ffreestanding -fno-move-loop-invariants -Wall -Wextra  -g3 -DDEBUG -DUSE_FULL_ASSERT -DTRACE -DOS_USE_TRACE_SEMIHOSTING_DEBUG -DSTM32F030 -DUSE_STDPERIPH_DRIVER -DHSE_VALUE=8000000 -I"../include" -I"../system/include" -I"../system/include/cmsis" -I"../system/include/stm32f0-stdperiph" -std=gnu11 -MMD -MP -MF"src/Terminal.d" -MT"src/Terminal.o" -c -o "src/Terminal.o" "../src/Terminal.c"
../src/Terminal.c: In function 'ProcessData':
../src/Terminal.c:173:18: warning: comparison of constant '115' with boolean expression is always false [-Wbool-compare]
  } else if ( 's' == !destination->List[0].Type && 'S' == !destination->List[0].Type)
                  ^
../src/Terminal.c:173:55: warning: comparison of constant '83' with boolean expression is always false [-Wbool-compare]
  } else if ( 's' == !destination->List[0].Type && 'S' == !destination->List[0].Type)
                                                       ^
Finished building: ../src/Terminal.c
 
Building file: ../src/main.c
Invoking: Cross ARM C Compiler
arm-none-eabi-gcc -mcpu=cortex-m0 -mthumb -Og -fmessage-length=0 -fsigned-char -ffunction-sections -fdata-sections -ffreestanding -fno-move-loop-invariants -Wall -Wextra  -g3 -DDEBUG -DUSE_FULL_ASSERT -DTRACE -DOS_USE_TRACE_SEMIHOSTING_DEBUG -DSTM32F030 -DUSE_STDPERIPH_DRIVER -DHSE_VALUE=8000000 -I"../include" -I"../system/include" -I"../system/include/cmsis" -I"../system/include/stm32f0-stdperiph" -std=gnu11 -MMD -MP -MF"src/main.d" -MT"src/main.o" -c -o "src/main.o" "../src/main.c"
Finished building: ../src/main.c
 
Building target: Temperature.elf
Invoking: Cross ARM C++ Linker
arm-none-eabi-g++ -mcpu=cortex-m0 -mthumb -Og -fmessage-length=0 -fsigned-char -ffunction-sections -fdata-sections -ffreestanding -fno-move-loop-invariants -Wall -Wextra  -g3 -T mem.ld -T libs.ld -T sections.ld -nostartfiles -Xlinker --gc-sections -L"../ldscripts" -Wl,-Map,"Temperature.map" --specs=nano.specs -o "Temperature.elf"  ./system/src/stm32f0-stdperiph/stm32f0xx_adc.o ./system/src/stm32f0-stdperiph/stm32f0xx_can.o ./system/src/stm32f0-stdperiph/stm32f0xx_cec.o ./system/src/stm32f0-stdperiph/stm32f0xx_comp.o ./system/src/stm32f0-stdperiph/stm32f0xx_crc.o ./system/src/stm32f0-stdperiph/stm32f0xx_crs.o ./system/src/stm32f0-stdperiph/stm32f0xx_dac.o ./system/src/stm32f0-stdperiph/stm32f0xx_dbgmcu.o ./system/src/stm32f0-stdperiph/stm32f0xx_dma.o ./system/src/stm32f0-stdperiph/stm32f0xx_exti.o ./system/src/stm32f0-stdperiph/stm32f0xx_flash.o ./system/src/stm32f0-stdperiph/stm32f0xx_gpio.o ./system/src/stm32f0-stdperiph/stm32f0xx_i2c.o ./system/src/stm32f0-stdperiph/stm32f0xx_iwdg.o ./system/src/stm32f0-stdperiph/stm32f0xx_misc.o ./system/src/stm32f0-stdperiph/stm32f0xx_pwr.o ./system/src/stm32f0-stdperiph/stm32f0xx_rcc.o ./system/src/stm32f0-stdperiph/stm32f0xx_rtc.o ./system/src/stm32f0-stdperiph/stm32f0xx_spi.o ./system/src/stm32f0-stdperiph/stm32f0xx_syscfg.o ./system/src/stm32f0-stdperiph/stm32f0xx_tim.o ./system/src/stm32f0-stdperiph/stm32f0xx_usart.o ./system/src/stm32f0-stdperiph/stm32f0xx_wwdg.o  ./system/src/newlib/_cxx.o ./system/src/newlib/_exit.o ./system/src/newlib/_sbrk.o ./system/src/newlib/_startup.o ./system/src/newlib/_syscalls.o ./system/src/newlib/assert.o  ./system/src/diag/Trace.o ./system/src/diag/trace_impl.o  ./system/src/cortexm/_initialize_hardware.o ./system/src/cortexm/_reset_hardware.o ./system/src/cortexm/exception_handlers.o  ./system/src/cmsis/system_stm32f0xx.o ./system/src/cmsis/vectors_stm32f0xx.o  ./src/MCU/led.o ./src/MCU/tick.o ./src/MCU/usart2.o  ./src/ADC.o ./src/FIFO.o ./src/Terminal.o ./src/main.o   
Finished building target: Temperature.elf
 
make --no-print-directory post-build
Binary
arm-none-eabi-objcopy -S  -O binary  "Temperature.elf" "Temperature.bin"
 
Invoking: Cross ARM GNU Create Flash Image
arm-none-eabi-objcopy -O ihex "Temperature.elf"  "Temperature.hex"
Finished building: Temperature.hex
 
Invoking: Cross ARM GNU Print Size
arm-none-eabi-size --format=berkeley "Temperature.elf"
   text	   data	    bss	    dec	    hex	filename
  22584	    268	   3272	  26124	   660c	Temperature.elf
Finished building: Temperature.siz
 
17:39:28 **** Incremental Build of configuration Debug for project Temperature ****
make all 
Invoking: Cross ARM GNU Print Size
arm-none-eabi-size --format=berkeley "Temperature.elf"
   text	   data	    bss	    dec	    hex	filename
  22584	    268	   3272	  26124	   660c	Temperature.elf
Finished building: Temperature.siz
 
17:42:02 **** Incremental Build of configuration Debug for project Temperature ****
make all 
Building file: ../src/ADC.c
Invoking: Cross ARM C Compiler
arm-none-eabi-gcc -mcpu=cortex-m0 -mthumb -Og -fmessage-length=0 -fsigned-char -ffunction-sections -fdata-sections -ffreestanding -fno-move-loop-invariants -Wall -Wextra  -g3 -DDEBUG -DUSE_FULL_ASSERT -DTRACE -DOS_USE_TRACE_SEMIHOSTING_DEBUG -DSTM32F030 -DUSE_STDPERIPH_DRIVER -DHSE_VALUE=8000000 -I"../include" -I"../system/include" -I"../system/include/cmsis" -I"../system/include/stm32f0-stdperiph" -std=gnu11 -MMD -MP -MF"src/ADC.d" -MT"src/ADC.o" -c -o "src/ADC.o" "../src/ADC.c"
../src/ADC.c: In function 'ADC_ReadNorm':
../src/ADC.c:82:41: warning: unused parameter 'channel' [-Wunused-parameter]
 uint_fast8_t ADC_ReadNorm(uint_fast32_t channel, float *destination) {
                                         ^
../src/ADC.c:82:57: warning: unused parameter 'destination' [-Wunused-parameter]
 uint_fast8_t ADC_ReadNorm(uint_fast32_t channel, float *destination) {
                                                         ^
../src/ADC.c: In function 'ADC_CalibratedTemperature':
../src/ADC.c:104:47: warning: unused parameter 'rawData' [-Wunused-parameter]
 float ADC_CalibratedTemperature(uint_fast16_t rawData) {
                                               ^
Finished building: ../src/ADC.c
 
Building target: Temperature.elf
Invoking: Cross ARM C++ Linker
arm-none-eabi-g++ -mcpu=cortex-m0 -mthumb -Og -fmessage-length=0 -fsigned-char -ffunction-sections -fdata-sections -ffreestanding -fno-move-loop-invariants -Wall -Wextra  -g3 -T mem.ld -T libs.ld -T sections.ld -nostartfiles -Xlinker --gc-sections -L"../ldscripts" -Wl,-Map,"Temperature.map" --specs=nano.specs -o "Temperature.elf"  ./system/src/stm32f0-stdperiph/stm32f0xx_adc.o ./system/src/stm32f0-stdperiph/stm32f0xx_can.o ./system/src/stm32f0-stdperiph/stm32f0xx_cec.o ./system/src/stm32f0-stdperiph/stm32f0xx_comp.o ./system/src/stm32f0-stdperiph/stm32f0xx_crc.o ./system/src/stm32f0-stdperiph/stm32f0xx_crs.o ./system/src/stm32f0-stdperiph/stm32f0xx_dac.o ./system/src/stm32f0-stdperiph/stm32f0xx_dbgmcu.o ./system/src/stm32f0-stdperiph/stm32f0xx_dma.o ./system/src/stm32f0-stdperiph/stm32f0xx_exti.o ./system/src/stm32f0-stdperiph/stm32f0xx_flash.o ./system/src/stm32f0-stdperiph/stm32f0xx_gpio.o ./system/src/stm32f0-stdperiph/stm32f0xx_i2c.o ./system/src/stm32f0-stdperiph/stm32f0xx_iwdg.o ./system/src/stm32f0-stdperiph/stm32f0xx_misc.o ./system/src/stm32f0-stdperiph/stm32f0xx_pwr.o ./system/src/stm32f0-stdperiph/stm32f0xx_rcc.o ./system/src/stm32f0-stdperiph/stm32f0xx_rtc.o ./system/src/stm32f0-stdperiph/stm32f0xx_spi.o ./system/src/stm32f0-stdperiph/stm32f0xx_syscfg.o ./system/src/stm32f0-stdperiph/stm32f0xx_tim.o ./system/src/stm32f0-stdperiph/stm32f0xx_usart.o ./system/src/stm32f0-stdperiph/stm32f0xx_wwdg.o  ./system/src/newlib/_cxx.o ./system/src/newlib/_exit.o ./system/src/newlib/_sbrk.o ./system/src/newlib/_startup.o ./system/src/newlib/_syscalls.o ./system/src/newlib/assert.o  ./system/src/diag/Trace.o ./system/src/diag/trace_impl.o  ./system/src/cortexm/_initialize_hardware.o ./system/src/cortexm/_reset_hardware.o ./system/src/cortexm/exception_handlers.o  ./system/src/cmsis/system_stm32f0xx.o ./system/src/cmsis/vectors_stm32f0xx.o  ./src/MCU/led.o ./src/MCU/tick.o ./src/MCU/usart2.o  ./src/ADC.o ./src/FIFO.o ./src/Terminal.o ./src/main.o   
Finished building target: Temperature.elf
 
make --no-print-directory post-build
Binary
arm-none-eabi-objcopy -S  -O binary  "Temperature.elf" "Temperature.bin"
 
Invoking: Cross ARM GNU Create Flash Image
arm-none-eabi-objcopy -O ihex "Temperature.elf"  "Temperature.hex"
Finished building: Temperature.hex
 
Invoking: Cross ARM GNU Print Size
arm-none-eabi-size --format=berkeley "Temperature.elf"
   text	   data	    bss	    dec	    hex	filename
  22656	    268	   3272	  26196	   6654	Temperature.elf
Finished building: Temperature.siz
 
17:42:07 **** Incremental Build of configuration Debug for project Temperature ****
make all 
Invoking: Cross ARM GNU Print Size
arm-none-eabi-size --format=berkeley "Temperature.elf"
   text	   data	    bss	    dec	    hex	filename
  22656	    268	   3272	  26196	   6654	Temperature.elf
Finished building: Temperature.siz
 
17:46:11 **** Incremental Build of configuration Debug for project Temperature ****
make all 
Building file: ../src/ADC.c
Invoking: Cross ARM C Compiler
arm-none-eabi-gcc -mcpu=cortex-m0 -mthumb -Og -fmessage-length=0 -fsigned-char -ffunction-sections -fdata-sections -ffreestanding -fno-move-loop-invariants -Wall -Wextra  -g3 -DDEBUG -DUSE_FULL_ASSERT -DTRACE -DOS_USE_TRACE_SEMIHOSTING_DEBUG -DSTM32F030 -DUSE_STDPERIPH_DRIVER -DHSE_VALUE=8000000 -I"../include" -I"../system/include" -I"../system/include/cmsis" -I"../system/include/stm32f0-stdperiph" -std=gnu11 -MMD -MP -MF"src/ADC.d" -MT"src/ADC.o" -c -o "src/ADC.o" "../src/ADC.c"
../src/ADC.c: In function 'ADC_ReadNorm':
../src/ADC.c:80:41: warning: unused parameter 'channel' [-Wunused-parameter]
 uint_fast8_t ADC_ReadNorm(uint_fast32_t channel, float *destination) {
                                         ^
../src/ADC.c:80:57: warning: unused parameter 'destination' [-Wunused-parameter]
 uint_fast8_t ADC_ReadNorm(uint_fast32_t channel, float *destination) {
                                                         ^
../src/ADC.c: In function 'ADC_CalibratedTemperature':
../src/ADC.c:102:47: warning: unused parameter 'rawData' [-Wunused-parameter]
 float ADC_CalibratedTemperature(uint_fast16_t rawData) {
                                               ^
Finished building: ../src/ADC.c
 
Building target: Temperature.elf
Invoking: Cross ARM C++ Linker
arm-none-eabi-g++ -mcpu=cortex-m0 -mthumb -Og -fmessage-length=0 -fsigned-char -ffunction-sections -fdata-sections -ffreestanding -fno-move-loop-invariants -Wall -Wextra  -g3 -T mem.ld -T libs.ld -T sections.ld -nostartfiles -Xlinker --gc-sections -L"../ldscripts" -Wl,-Map,"Temperature.map" --specs=nano.specs -o "Temperature.elf"  ./system/src/stm32f0-stdperiph/stm32f0xx_adc.o ./system/src/stm32f0-stdperiph/stm32f0xx_can.o ./system/src/stm32f0-stdperiph/stm32f0xx_cec.o ./system/src/stm32f0-stdperiph/stm32f0xx_comp.o ./system/src/stm32f0-stdperiph/stm32f0xx_crc.o ./system/src/stm32f0-stdperiph/stm32f0xx_crs.o ./system/src/stm32f0-stdperiph/stm32f0xx_dac.o ./system/src/stm32f0-stdperiph/stm32f0xx_dbgmcu.o ./system/src/stm32f0-stdperiph/stm32f0xx_dma.o ./system/src/stm32f0-stdperiph/stm32f0xx_exti.o ./system/src/stm32f0-stdperiph/stm32f0xx_flash.o ./system/src/stm32f0-stdperiph/stm32f0xx_gpio.o ./system/src/stm32f0-stdperiph/stm32f0xx_i2c.o ./system/src/stm32f0-stdperiph/stm32f0xx_iwdg.o ./system/src/stm32f0-stdperiph/stm32f0xx_misc.o ./system/src/stm32f0-stdperiph/stm32f0xx_pwr.o ./system/src/stm32f0-stdperiph/stm32f0xx_rcc.o ./system/src/stm32f0-stdperiph/stm32f0xx_rtc.o ./system/src/stm32f0-stdperiph/stm32f0xx_spi.o ./system/src/stm32f0-stdperiph/stm32f0xx_syscfg.o ./system/src/stm32f0-stdperiph/stm32f0xx_tim.o ./system/src/stm32f0-stdperiph/stm32f0xx_usart.o ./system/src/stm32f0-stdperiph/stm32f0xx_wwdg.o  ./system/src/newlib/_cxx.o ./system/src/newlib/_exit.o ./system/src/newlib/_sbrk.o ./system/src/newlib/_startup.o ./system/src/newlib/_syscalls.o ./system/src/newlib/assert.o  ./system/src/diag/Trace.o ./system/src/diag/trace_impl.o  ./system/src/cortexm/_initialize_hardware.o ./system/src/cortexm/_reset_hardware.o ./system/src/cortexm/exception_handlers.o  ./system/src/cmsis/system_stm32f0xx.o ./system/src/cmsis/vectors_stm32f0xx.o  ./src/MCU/led.o ./src/MCU/tick.o ./src/MCU/usart2.o  ./src/ADC.o ./src/FIFO.o ./src/Terminal.o ./src/main.o   
Finished building target: Temperature.elf
 
make --no-print-directory post-build
Binary
arm-none-eabi-objcopy -S  -O binary  "Temperature.elf" "Temperature.bin"
 
Invoking: Cross ARM GNU Create Flash Image
arm-none-eabi-objcopy -O ihex "Temperature.elf"  "Temperature.hex"
Finished building: Temperature.hex
 
Invoking: Cross ARM GNU Print Size
arm-none-eabi-size --format=berkeley "Temperature.elf"
   text	   data	    bss	    dec	    hex	filename
  22656	    268	   3272	  26196	   6654	Temperature.elf
Finished building: Temperature.siz
 
17:46:18 **** Incremental Build of configuration Debug for project Temperature ****
make all 
Invoking: Cross ARM GNU Print Size
arm-none-eabi-size --format=berkeley "Temperature.elf"
   text	   data	    bss	    dec	    hex	filename
  22656	    268	   3272	  26196	   6654	Temperature.elf
Finished building: Temperature.siz
 
18:24:48 **** Incremental Build of configuration Debug for project Temperature ****
make all 
Invoking: Cross ARM GNU Print Size
arm-none-eabi-size --format=berkeley "Temperature.elf"
   text	   data	    bss	    dec	    hex	filename
  22656	    268	   3272	  26196	   6654	Temperature.elf
Finished building: Temperature.siz
 
18:41:24 **** Incremental Build of configuration Debug for project Temperature ****
make all 
Invoking: Cross ARM GNU Print Size
arm-none-eabi-size --format=berkeley "Temperature.elf"
   text	   data	    bss	    dec	    hex	filename
  22656	    268	   3272	  26196	   6654	Temperature.elf
Finished building: Temperature.siz
 
18:41:29 **** Incremental Build of configuration Debug for project Temperature ****
make all 
Invoking: Cross ARM GNU Print Size
arm-none-eabi-size --format=berkeley "Temperature.elf"
   text	   data	    bss	    dec	    hex	filename
  22656	    268	   3272	  26196	   6654	Temperature.elf
Finished building: Temperature.siz
 
19:13:55 **** Incremental Build of configuration Debug for project Temperature ****
make all 
Building file: ../src/Terminal.c
Invoking: Cross ARM C Compiler
arm-none-eabi-gcc -mcpu=cortex-m0 -mthumb -Og -fmessage-length=0 -fsigned-char -ffunction-sections -fdata-sections -ffreestanding -fno-move-loop-invariants -Wall -Wextra  -g3 -DDEBUG -DUSE_FULL_ASSERT -DTRACE -DOS_USE_TRACE_SEMIHOSTING_DEBUG -DSTM32F030 -DUSE_STDPERIPH_DRIVER -DHSE_VALUE=8000000 -I"../include" -I"../system/include" -I"../system/include/cmsis" -I"../system/include/stm32f0-stdperiph" -std=gnu11 -MMD -MP -MF"src/Terminal.d" -MT"src/Terminal.o" -c -o "src/Terminal.o" "../src/Terminal.c"
../src/Terminal.c: In function 'ProcessData':
../src/Terminal.c:173:18: warning: comparison of constant '115' with boolean expression is always false [-Wbool-compare]
  } else if ( 's' == !destination->List[0].Type && 'S' == !destination->List[0].Type)
                  ^
../src/Terminal.c:173:55: warning: comparison of constant '83' with boolean expression is always false [-Wbool-compare]
  } else if ( 's' == !destination->List[0].Type && 'S' == !destination->List[0].Type)
                                                       ^
../src/Terminal.c: In function 'RunCommand':
../src/Terminal.c:268:23: error: expected expression before ']' token
     snprintf(&message[], 25, "%d", adcReading);
                       ^
../src/Terminal.c:269:5: error: too few arguments to function 'SerialPort2.SendString'
     SerialPort2.SendString();
     ^
../src/Terminal.c:237:10: warning: variable 'message' set but not used [-Wunused-but-set-variable]
  uint8_t message[25];
          ^
make: *** [src/Terminal.o] Error 1
19:14:20 **** Incremental Build of configuration Debug for project Temperature ****
make all 
Building file: ../src/Terminal.c
Invoking: Cross ARM C Compiler
arm-none-eabi-gcc -mcpu=cortex-m0 -mthumb -Og -fmessage-length=0 -fsigned-char -ffunction-sections -fdata-sections -ffreestanding -fno-move-loop-invariants -Wall -Wextra  -g3 -DDEBUG -DUSE_FULL_ASSERT -DTRACE -DOS_USE_TRACE_SEMIHOSTING_DEBUG -DSTM32F030 -DUSE_STDPERIPH_DRIVER -DHSE_VALUE=8000000 -I"../include" -I"../system/include" -I"../system/include/cmsis" -I"../system/include/stm32f0-stdperiph" -std=gnu11 -MMD -MP -MF"src/Terminal.d" -MT"src/Terminal.o" -c -o "src/Terminal.o" "../src/Terminal.c"
../src/Terminal.c: In function 'ProcessData':
../src/Terminal.c:173:18: warning: comparison of constant '115' with boolean expression is always false [-Wbool-compare]
  } else if ( 's' == !destination->List[0].Type && 'S' == !destination->List[0].Type)
                  ^
../src/Terminal.c:173:55: warning: comparison of constant '83' with boolean expression is always false [-Wbool-compare]
  } else if ( 's' == !destination->List[0].Type && 'S' == !destination->List[0].Type)
                                                       ^
../src/Terminal.c: In function 'RunCommand':
../src/Terminal.c:268:14: warning: pointer targets in passing argument 1 of 'snprintf' differ in signedness [-Wpointer-sign]
     snprintf(&message[0], 25, "%d", adcReading);
              ^
In file included from /usr/local/gcc-arm-none-eabi-5_3-2016q1/arm-none-eabi/include/stdio.h:29:0,
                 from ../include/common.h:9,
                 from ../src/Terminal.c:6:
/usr/local/gcc-arm-none-eabi-5_3-2016q1/arm-none-eabi/include/stdio.h:247:5: note: expected 'char * restrict' but argument is of type 'unsigned char *'
 int _EXFUN(snprintf, (char *__restrict, size_t, const char *__restrict, ...)
     ^
../src/Terminal.c:269:5: error: too few arguments to function 'SerialPort2.SendString'
     SerialPort2.SendString();
     ^
make: *** [src/Terminal.o] Error 1
19:14:43 **** Incremental Build of configuration Debug for project Temperature ****
make all 
Building file: ../src/Terminal.c
Invoking: Cross ARM C Compiler
arm-none-eabi-gcc -mcpu=cortex-m0 -mthumb -Og -fmessage-length=0 -fsigned-char -ffunction-sections -fdata-sections -ffreestanding -fno-move-loop-invariants -Wall -Wextra  -g3 -DDEBUG -DUSE_FULL_ASSERT -DTRACE -DOS_USE_TRACE_SEMIHOSTING_DEBUG -DSTM32F030 -DUSE_STDPERIPH_DRIVER -DHSE_VALUE=8000000 -I"../include" -I"../system/include" -I"../system/include/cmsis" -I"../system/include/stm32f0-stdperiph" -std=gnu11 -MMD -MP -MF"src/Terminal.d" -MT"src/Terminal.o" -c -o "src/Terminal.o" "../src/Terminal.c"
../src/Terminal.c: In function 'ProcessData':
../src/Terminal.c:173:18: warning: comparison of constant '115' with boolean expression is always false [-Wbool-compare]
  } else if ( 's' == !destination->List[0].Type && 'S' == !destination->List[0].Type)
                  ^
../src/Terminal.c:173:55: warning: comparison of constant '83' with boolean expression is always false [-Wbool-compare]
  } else if ( 's' == !destination->List[0].Type && 'S' == !destination->List[0].Type)
                                                       ^
../src/Terminal.c: In function 'RunCommand':
../src/Terminal.c:268:14: warning: pointer targets in passing argument 1 of 'snprintf' differ in signedness [-Wpointer-sign]
     snprintf(&message[0], 25, "%d", adcReading);
              ^
In file included from /usr/local/gcc-arm-none-eabi-5_3-2016q1/arm-none-eabi/include/stdio.h:29:0,
                 from ../include/common.h:9,
                 from ../src/Terminal.c:6:
/usr/local/gcc-arm-none-eabi-5_3-2016q1/arm-none-eabi/include/stdio.h:247:5: note: expected 'char * restrict' but argument is of type 'unsigned char *'
 int _EXFUN(snprintf, (char *__restrict, size_t, const char *__restrict, ...)
     ^
Finished building: ../src/Terminal.c
 
Building target: Temperature.elf
Invoking: Cross ARM C++ Linker
arm-none-eabi-g++ -mcpu=cortex-m0 -mthumb -Og -fmessage-length=0 -fsigned-char -ffunction-sections -fdata-sections -ffreestanding -fno-move-loop-invariants -Wall -Wextra  -g3 -T mem.ld -T libs.ld -T sections.ld -nostartfiles -Xlinker --gc-sections -L"../ldscripts" -Wl,-Map,"Temperature.map" --specs=nano.specs -o "Temperature.elf"  ./system/src/stm32f0-stdperiph/stm32f0xx_adc.o ./system/src/stm32f0-stdperiph/stm32f0xx_can.o ./system/src/stm32f0-stdperiph/stm32f0xx_cec.o ./system/src/stm32f0-stdperiph/stm32f0xx_comp.o ./system/src/stm32f0-stdperiph/stm32f0xx_crc.o ./system/src/stm32f0-stdperiph/stm32f0xx_crs.o ./system/src/stm32f0-stdperiph/stm32f0xx_dac.o ./system/src/stm32f0-stdperiph/stm32f0xx_dbgmcu.o ./system/src/stm32f0-stdperiph/stm32f0xx_dma.o ./system/src/stm32f0-stdperiph/stm32f0xx_exti.o ./system/src/stm32f0-stdperiph/stm32f0xx_flash.o ./system/src/stm32f0-stdperiph/stm32f0xx_gpio.o ./system/src/stm32f0-stdperiph/stm32f0xx_i2c.o ./system/src/stm32f0-stdperiph/stm32f0xx_iwdg.o ./system/src/stm32f0-stdperiph/stm32f0xx_misc.o ./system/src/stm32f0-stdperiph/stm32f0xx_pwr.o ./system/src/stm32f0-stdperiph/stm32f0xx_rcc.o ./system/src/stm32f0-stdperiph/stm32f0xx_rtc.o ./system/src/stm32f0-stdperiph/stm32f0xx_spi.o ./system/src/stm32f0-stdperiph/stm32f0xx_syscfg.o ./system/src/stm32f0-stdperiph/stm32f0xx_tim.o ./system/src/stm32f0-stdperiph/stm32f0xx_usart.o ./system/src/stm32f0-stdperiph/stm32f0xx_wwdg.o  ./system/src/newlib/_cxx.o ./system/src/newlib/_exit.o ./system/src/newlib/_sbrk.o ./system/src/newlib/_startup.o ./system/src/newlib/_syscalls.o ./system/src/newlib/assert.o  ./system/src/diag/Trace.o ./system/src/diag/trace_impl.o  ./system/src/cortexm/_initialize_hardware.o ./system/src/cortexm/_reset_hardware.o ./system/src/cortexm/exception_handlers.o  ./system/src/cmsis/system_stm32f0xx.o ./system/src/cmsis/vectors_stm32f0xx.o  ./src/MCU/led.o ./src/MCU/tick.o ./src/MCU/usart2.o  ./src/ADC.o ./src/FIFO.o ./src/Terminal.o ./src/main.o   
Finished building target: Temperature.elf
 
make --no-print-directory post-build
Binary
arm-none-eabi-objcopy -S  -O binary  "Temperature.elf" "Temperature.bin"
 
Invoking: Cross ARM GNU Create Flash Image
arm-none-eabi-objcopy -O ihex "Temperature.elf"  "Temperature.hex"
Finished building: Temperature.hex
 
Invoking: Cross ARM GNU Print Size
arm-none-eabi-size --format=berkeley "Temperature.elf"
   text	   data	    bss	    dec	    hex	filename
  22784	    268	   3272	  26324	   66d4	Temperature.elf
Finished building: Temperature.siz
 
19:16:51 **** Incremental Build of configuration Debug for project Temperature ****
make all 
Building file: ../src/Terminal.c
Invoking: Cross ARM C Compiler
arm-none-eabi-gcc -mcpu=cortex-m0 -mthumb -Og -fmessage-length=0 -fsigned-char -ffunction-sections -fdata-sections -ffreestanding -fno-move-loop-invariants -Wall -Wextra  -g3 -DDEBUG -DUSE_FULL_ASSERT -DTRACE -DOS_USE_TRACE_SEMIHOSTING_DEBUG -DSTM32F030 -DUSE_STDPERIPH_DRIVER -DHSE_VALUE=8000000 -I"../include" -I"../system/include" -I"../system/include/cmsis" -I"../system/include/stm32f0-stdperiph" -std=gnu11 -MMD -MP -MF"src/Terminal.d" -MT"src/Terminal.o" -c -o "src/Terminal.o" "../src/Terminal.c"
../src/Terminal.c: In function 'ProcessData':
../src/Terminal.c:173:18: warning: comparison of constant '115' with boolean expression is always false [-Wbool-compare]
  } else if ( 's' == !destination->List[0].Type && 'S' == !destination->List[0].Type)
                  ^
../src/Terminal.c:173:55: warning: comparison of constant '83' with boolean expression is always false [-Wbool-compare]
  } else if ( 's' == !destination->List[0].Type && 'S' == !destination->List[0].Type)
                                                       ^
../src/Terminal.c: In function 'RunCommand':
../src/Terminal.c:268:15: warning: pointer targets in passing argument 1 of 'snprintf' differ in signedness [-Wpointer-sign]
      snprintf(&message[0], 25, "%d", adcReading);
               ^
In file included from /usr/local/gcc-arm-none-eabi-5_3-2016q1/arm-none-eabi/include/stdio.h:29:0,
                 from ../include/common.h:9,
                 from ../src/Terminal.c:6:
/usr/local/gcc-arm-none-eabi-5_3-2016q1/arm-none-eabi/include/stdio.h:247:5: note: expected 'char * restrict' but argument is of type 'unsigned char *'
 int _EXFUN(snprintf, (char *__restrict, size_t, const char *__restrict, ...)
     ^
Finished building: ../src/Terminal.c
 
Building target: Temperature.elf
Invoking: Cross ARM C++ Linker
arm-none-eabi-g++ -mcpu=cortex-m0 -mthumb -Og -fmessage-length=0 -fsigned-char -ffunction-sections -fdata-sections -ffreestanding -fno-move-loop-invariants -Wall -Wextra  -g3 -T mem.ld -T libs.ld -T sections.ld -nostartfiles -Xlinker --gc-sections -L"../ldscripts" -Wl,-Map,"Temperature.map" --specs=nano.specs -o "Temperature.elf"  ./system/src/stm32f0-stdperiph/stm32f0xx_adc.o ./system/src/stm32f0-stdperiph/stm32f0xx_can.o ./system/src/stm32f0-stdperiph/stm32f0xx_cec.o ./system/src/stm32f0-stdperiph/stm32f0xx_comp.o ./system/src/stm32f0-stdperiph/stm32f0xx_crc.o ./system/src/stm32f0-stdperiph/stm32f0xx_crs.o ./system/src/stm32f0-stdperiph/stm32f0xx_dac.o ./system/src/stm32f0-stdperiph/stm32f0xx_dbgmcu.o ./system/src/stm32f0-stdperiph/stm32f0xx_dma.o ./system/src/stm32f0-stdperiph/stm32f0xx_exti.o ./system/src/stm32f0-stdperiph/stm32f0xx_flash.o ./system/src/stm32f0-stdperiph/stm32f0xx_gpio.o ./system/src/stm32f0-stdperiph/stm32f0xx_i2c.o ./system/src/stm32f0-stdperiph/stm32f0xx_iwdg.o ./system/src/stm32f0-stdperiph/stm32f0xx_misc.o ./system/src/stm32f0-stdperiph/stm32f0xx_pwr.o ./system/src/stm32f0-stdperiph/stm32f0xx_rcc.o ./system/src/stm32f0-stdperiph/stm32f0xx_rtc.o ./system/src/stm32f0-stdperiph/stm32f0xx_spi.o ./system/src/stm32f0-stdperiph/stm32f0xx_syscfg.o ./system/src/stm32f0-stdperiph/stm32f0xx_tim.o ./system/src/stm32f0-stdperiph/stm32f0xx_usart.o ./system/src/stm32f0-stdperiph/stm32f0xx_wwdg.o  ./system/src/newlib/_cxx.o ./system/src/newlib/_exit.o ./system/src/newlib/_sbrk.o ./system/src/newlib/_startup.o ./system/src/newlib/_syscalls.o ./system/src/newlib/assert.o  ./system/src/diag/Trace.o ./system/src/diag/trace_impl.o  ./system/src/cortexm/_initialize_hardware.o ./system/src/cortexm/_reset_hardware.o ./system/src/cortexm/exception_handlers.o  ./system/src/cmsis/system_stm32f0xx.o ./system/src/cmsis/vectors_stm32f0xx.o  ./src/MCU/led.o ./src/MCU/tick.o ./src/MCU/usart2.o  ./src/ADC.o ./src/FIFO.o ./src/Terminal.o ./src/main.o   
Finished building target: Temperature.elf
 
make --no-print-directory post-build
Binary
arm-none-eabi-objcopy -S  -O binary  "Temperature.elf" "Temperature.bin"
 
Invoking: Cross ARM GNU Create Flash Image
arm-none-eabi-objcopy -O ihex "Temperature.elf"  "Temperature.hex"
Finished building: Temperature.hex
 
Invoking: Cross ARM GNU Print Size
arm-none-eabi-size --format=berkeley "Temperature.elf"
   text	   data	    bss	    dec	    hex	filename
  22840	    268	   3272	  26380	   670c	Temperature.elf
Finished building: Temperature.siz
 
19:17:38 **** Incremental Build of configuration Debug for project Temperature ****
make all 
Invoking: Cross ARM GNU Print Size
arm-none-eabi-size --format=berkeley "Temperature.elf"
   text	   data	    bss	    dec	    hex	filename
  22840	    268	   3272	  26380	   670c	Temperature.elf
Finished building: Temperature.siz
 
19:17:53 **** Incremental Build of configuration Debug for project Temperature ****
make all 
Invoking: Cross ARM GNU Print Size
arm-none-eabi-size --format=berkeley "Temperature.elf"
   text	   data	    bss	    dec	    hex	filename
  22840	    268	   3272	  26380	   670c	Temperature.elf
Finished building: Temperature.siz
 
19:23:51 **** Incremental Build of configuration Debug for project Temperature ****
make all 
Building file: ../src/Terminal.c
Invoking: Cross ARM C Compiler
arm-none-eabi-gcc -mcpu=cortex-m0 -mthumb -Og -fmessage-length=0 -fsigned-char -ffunction-sections -fdata-sections -ffreestanding -fno-move-loop-invariants -Wall -Wextra  -g3 -DDEBUG -DUSE_FULL_ASSERT -DTRACE -DOS_USE_TRACE_SEMIHOSTING_DEBUG -DSTM32F030 -DUSE_STDPERIPH_DRIVER -DHSE_VALUE=8000000 -I"../include" -I"../system/include" -I"../system/include/cmsis" -I"../system/include/stm32f0-stdperiph" -std=gnu11 -MMD -MP -MF"src/Terminal.d" -MT"src/Terminal.o" -c -o "src/Terminal.o" "../src/Terminal.c"
../src/Terminal.c: In function 'ProcessData':
../src/Terminal.c:173:18: warning: comparison of constant '115' with boolean expression is always false [-Wbool-compare]
  } else if ( 's' == !destination->List[0].Type && 'S' == !destination->List[0].Type)
                  ^
../src/Terminal.c:173:55: warning: comparison of constant '83' with boolean expression is always false [-Wbool-compare]
  } else if ( 's' == !destination->List[0].Type && 'S' == !destination->List[0].Type)
                                                       ^
../src/Terminal.c: In function 'RunCommand':
../src/Terminal.c:268:15: warning: pointer targets in passing argument 1 of 'snprintf' differ in signedness [-Wpointer-sign]
      snprintf(&message[0], 25, "%d", adcReading);
               ^
In file included from /usr/local/gcc-arm-none-eabi-5_3-2016q1/arm-none-eabi/include/stdio.h:29:0,
                 from ../include/common.h:9,
                 from ../src/Terminal.c:6:
/usr/local/gcc-arm-none-eabi-5_3-2016q1/arm-none-eabi/include/stdio.h:247:5: note: expected 'char * restrict' but argument is of type 'unsigned char *'
 int _EXFUN(snprintf, (char *__restrict, size_t, const char *__restrict, ...)
     ^
Finished building: ../src/Terminal.c
 
Building target: Temperature.elf
Invoking: Cross ARM C++ Linker
arm-none-eabi-g++ -mcpu=cortex-m0 -mthumb -Og -fmessage-length=0 -fsigned-char -ffunction-sections -fdata-sections -ffreestanding -fno-move-loop-invariants -Wall -Wextra  -g3 -T mem.ld -T libs.ld -T sections.ld -nostartfiles -Xlinker --gc-sections -L"../ldscripts" -Wl,-Map,"Temperature.map" --specs=nano.specs -o "Temperature.elf"  ./system/src/stm32f0-stdperiph/stm32f0xx_adc.o ./system/src/stm32f0-stdperiph/stm32f0xx_can.o ./system/src/stm32f0-stdperiph/stm32f0xx_cec.o ./system/src/stm32f0-stdperiph/stm32f0xx_comp.o ./system/src/stm32f0-stdperiph/stm32f0xx_crc.o ./system/src/stm32f0-stdperiph/stm32f0xx_crs.o ./system/src/stm32f0-stdperiph/stm32f0xx_dac.o ./system/src/stm32f0-stdperiph/stm32f0xx_dbgmcu.o ./system/src/stm32f0-stdperiph/stm32f0xx_dma.o ./system/src/stm32f0-stdperiph/stm32f0xx_exti.o ./system/src/stm32f0-stdperiph/stm32f0xx_flash.o ./system/src/stm32f0-stdperiph/stm32f0xx_gpio.o ./system/src/stm32f0-stdperiph/stm32f0xx_i2c.o ./system/src/stm32f0-stdperiph/stm32f0xx_iwdg.o ./system/src/stm32f0-stdperiph/stm32f0xx_misc.o ./system/src/stm32f0-stdperiph/stm32f0xx_pwr.o ./system/src/stm32f0-stdperiph/stm32f0xx_rcc.o ./system/src/stm32f0-stdperiph/stm32f0xx_rtc.o ./system/src/stm32f0-stdperiph/stm32f0xx_spi.o ./system/src/stm32f0-stdperiph/stm32f0xx_syscfg.o ./system/src/stm32f0-stdperiph/stm32f0xx_tim.o ./system/src/stm32f0-stdperiph/stm32f0xx_usart.o ./system/src/stm32f0-stdperiph/stm32f0xx_wwdg.o  ./system/src/newlib/_cxx.o ./system/src/newlib/_exit.o ./system/src/newlib/_sbrk.o ./system/src/newlib/_startup.o ./system/src/newlib/_syscalls.o ./system/src/newlib/assert.o  ./system/src/diag/Trace.o ./system/src/diag/trace_impl.o  ./system/src/cortexm/_initialize_hardware.o ./system/src/cortexm/_reset_hardware.o ./system/src/cortexm/exception_handlers.o  ./system/src/cmsis/system_stm32f0xx.o ./system/src/cmsis/vectors_stm32f0xx.o  ./src/MCU/led.o ./src/MCU/tick.o ./src/MCU/usart2.o  ./src/ADC.o ./src/FIFO.o ./src/Terminal.o ./src/main.o   
Finished building target: Temperature.elf
 
make --no-print-directory post-build
Binary
arm-none-eabi-objcopy -S  -O binary  "Temperature.elf" "Temperature.bin"
 
Invoking: Cross ARM GNU Create Flash Image
arm-none-eabi-objcopy -O ihex "Temperature.elf"  "Temperature.hex"
Finished building: Temperature.hex
 
Invoking: Cross ARM GNU Print Size
arm-none-eabi-size --format=berkeley "Temperature.elf"
   text	   data	    bss	    dec	    hex	filename
  22840	    268	   3272	  26380	   670c	Temperature.elf
Finished building: Temperature.siz
 
19:24:08 **** Incremental Build of configuration Debug for project Temperature ****
make all 
Invoking: Cross ARM GNU Print Size
arm-none-eabi-size --format=berkeley "Temperature.elf"
   text	   data	    bss	    dec	    hex	filename
  22840	    268	   3272	  26380	   670c	Temperature.elf
Finished building: Temperature.siz
 
19:26:13 **** Incremental Build of configuration Debug for project Temperature ****
make all 
Building file: ../src/ADC.c
Invoking: Cross ARM C Compiler
arm-none-eabi-gcc -mcpu=cortex-m0 -mthumb -Og -fmessage-length=0 -fsigned-char -ffunction-sections -fdata-sections -ffreestanding -fno-move-loop-invariants -Wall -Wextra  -g3 -DDEBUG -DUSE_FULL_ASSERT -DTRACE -DOS_USE_TRACE_SEMIHOSTING_DEBUG -DSTM32F030 -DUSE_STDPERIPH_DRIVER -DHSE_VALUE=8000000 -I"../include" -I"../system/include" -I"../system/include/cmsis" -I"../system/include/stm32f0-stdperiph" -std=gnu11 -MMD -MP -MF"src/ADC.d" -MT"src/ADC.o" -c -o "src/ADC.o" "../src/ADC.c"
../src/ADC.c: In function 'ADC_ReadNorm':
../src/ADC.c:64:41: warning: unused parameter 'channel' [-Wunused-parameter]
 uint_fast8_t ADC_ReadNorm(uint_fast32_t channel, float *destination) {
                                         ^
../src/ADC.c:64:57: warning: unused parameter 'destination' [-Wunused-parameter]
 uint_fast8_t ADC_ReadNorm(uint_fast32_t channel, float *destination) {
                                                         ^
Finished building: ../src/ADC.c
 
Building target: Temperature.elf
Invoking: Cross ARM C++ Linker
arm-none-eabi-g++ -mcpu=cortex-m0 -mthumb -Og -fmessage-length=0 -fsigned-char -ffunction-sections -fdata-sections -ffreestanding -fno-move-loop-invariants -Wall -Wextra  -g3 -T mem.ld -T libs.ld -T sections.ld -nostartfiles -Xlinker --gc-sections -L"../ldscripts" -Wl,-Map,"Temperature.map" --specs=nano.specs -o "Temperature.elf"  ./system/src/stm32f0-stdperiph/stm32f0xx_adc.o ./system/src/stm32f0-stdperiph/stm32f0xx_can.o ./system/src/stm32f0-stdperiph/stm32f0xx_cec.o ./system/src/stm32f0-stdperiph/stm32f0xx_comp.o ./system/src/stm32f0-stdperiph/stm32f0xx_crc.o ./system/src/stm32f0-stdperiph/stm32f0xx_crs.o ./system/src/stm32f0-stdperiph/stm32f0xx_dac.o ./system/src/stm32f0-stdperiph/stm32f0xx_dbgmcu.o ./system/src/stm32f0-stdperiph/stm32f0xx_dma.o ./system/src/stm32f0-stdperiph/stm32f0xx_exti.o ./system/src/stm32f0-stdperiph/stm32f0xx_flash.o ./system/src/stm32f0-stdperiph/stm32f0xx_gpio.o ./system/src/stm32f0-stdperiph/stm32f0xx_i2c.o ./system/src/stm32f0-stdperiph/stm32f0xx_iwdg.o ./system/src/stm32f0-stdperiph/stm32f0xx_misc.o ./system/src/stm32f0-stdperiph/stm32f0xx_pwr.o ./system/src/stm32f0-stdperiph/stm32f0xx_rcc.o ./system/src/stm32f0-stdperiph/stm32f0xx_rtc.o ./system/src/stm32f0-stdperiph/stm32f0xx_spi.o ./system/src/stm32f0-stdperiph/stm32f0xx_syscfg.o ./system/src/stm32f0-stdperiph/stm32f0xx_tim.o ./system/src/stm32f0-stdperiph/stm32f0xx_usart.o ./system/src/stm32f0-stdperiph/stm32f0xx_wwdg.o  ./system/src/newlib/_cxx.o ./system/src/newlib/_exit.o ./system/src/newlib/_sbrk.o ./system/src/newlib/_startup.o ./system/src/newlib/_syscalls.o ./system/src/newlib/assert.o  ./system/src/diag/Trace.o ./system/src/diag/trace_impl.o  ./system/src/cortexm/_initialize_hardware.o ./system/src/cortexm/_reset_hardware.o ./system/src/cortexm/exception_handlers.o  ./system/src/cmsis/system_stm32f0xx.o ./system/src/cmsis/vectors_stm32f0xx.o  ./src/MCU/led.o ./src/MCU/tick.o ./src/MCU/usart2.o  ./src/ADC.o ./src/FIFO.o ./src/Terminal.o ./src/main.o   
Finished building target: Temperature.elf
 
make --no-print-directory post-build
Binary
arm-none-eabi-objcopy -S  -O binary  "Temperature.elf" "Temperature.bin"
 
Invoking: Cross ARM GNU Create Flash Image
arm-none-eabi-objcopy -O ihex "Temperature.elf"  "Temperature.hex"
Finished building: Temperature.hex
 
Invoking: Cross ARM GNU Print Size
arm-none-eabi-size --format=berkeley "Temperature.elf"
   text	   data	    bss	    dec	    hex	filename
  22792	    268	   3272	  26332	   66dc	Temperature.elf
Finished building: Temperature.siz
 
19:26:27 **** Incremental Build of configuration Debug for project Temperature ****
make all 
Invoking: Cross ARM GNU Print Size
arm-none-eabi-size --format=berkeley "Temperature.elf"
   text	   data	    bss	    dec	    hex	filename
  22792	    268	   3272	  26332	   66dc	Temperature.elf
Finished building: Temperature.siz
 
19:29:52 **** Incremental Build of configuration Debug for project Temperature ****
make all 
Building file: ../src/Terminal.c
Invoking: Cross ARM C Compiler
arm-none-eabi-gcc -mcpu=cortex-m0 -mthumb -Og -fmessage-length=0 -fsigned-char -ffunction-sections -fdata-sections -ffreestanding -fno-move-loop-invariants -Wall -Wextra  -g3 -DDEBUG -DUSE_FULL_ASSERT -DTRACE -DOS_USE_TRACE_SEMIHOSTING_DEBUG -DSTM32F030 -DUSE_STDPERIPH_DRIVER -DHSE_VALUE=8000000 -I"../include" -I"../system/include" -I"../system/include/cmsis" -I"../system/include/stm32f0-stdperiph" -std=gnu11 -MMD -MP -MF"src/Terminal.d" -MT"src/Terminal.o" -c -o "src/Terminal.o" "../src/Terminal.c"
../src/Terminal.c: In function 'ProcessData':
../src/Terminal.c:173:18: warning: comparison of constant '115' with boolean expression is always false [-Wbool-compare]
  } else if ( 's' == !destination->List[0].Type && 'S' == !destination->List[0].Type)
                  ^
../src/Terminal.c:173:55: warning: comparison of constant '83' with boolean expression is always false [-Wbool-compare]
  } else if ( 's' == !destination->List[0].Type && 'S' == !destination->List[0].Type)
                                                       ^
../src/Terminal.c: In function 'RunCommand':
../src/Terminal.c:270:15: warning: pointer targets in passing argument 1 of 'snprintf' differ in signedness [-Wpointer-sign]
      snprintf(&message[0], 25, "%d", adcReading);
               ^
In file included from /usr/local/gcc-arm-none-eabi-5_3-2016q1/arm-none-eabi/include/stdio.h:29:0,
                 from ../include/common.h:9,
                 from ../src/Terminal.c:6:
/usr/local/gcc-arm-none-eabi-5_3-2016q1/arm-none-eabi/include/stdio.h:247:5: note: expected 'char * restrict' but argument is of type 'unsigned char *'
 int _EXFUN(snprintf, (char *__restrict, size_t, const char *__restrict, ...)
     ^
../src/Terminal.c:275:15: warning: pointer targets in passing argument 1 of 'snprintf' differ in signedness [-Wpointer-sign]
      snprintf(&message[0], 25, "%f", adcTempCelsius);
               ^
In file included from /usr/local/gcc-arm-none-eabi-5_3-2016q1/arm-none-eabi/include/stdio.h:29:0,
                 from ../include/common.h:9,
                 from ../src/Terminal.c:6:
/usr/local/gcc-arm-none-eabi-5_3-2016q1/arm-none-eabi/include/stdio.h:247:5: note: expected 'char * restrict' but argument is of type 'unsigned char *'
 int _EXFUN(snprintf, (char *__restrict, size_t, const char *__restrict, ...)
     ^
Finished building: ../src/Terminal.c
 
Building target: Temperature.elf
Invoking: Cross ARM C++ Linker
arm-none-eabi-g++ -mcpu=cortex-m0 -mthumb -Og -fmessage-length=0 -fsigned-char -ffunction-sections -fdata-sections -ffreestanding -fno-move-loop-invariants -Wall -Wextra  -g3 -T mem.ld -T libs.ld -T sections.ld -nostartfiles -Xlinker --gc-sections -L"../ldscripts" -Wl,-Map,"Temperature.map" --specs=nano.specs -o "Temperature.elf"  ./system/src/stm32f0-stdperiph/stm32f0xx_adc.o ./system/src/stm32f0-stdperiph/stm32f0xx_can.o ./system/src/stm32f0-stdperiph/stm32f0xx_cec.o ./system/src/stm32f0-stdperiph/stm32f0xx_comp.o ./system/src/stm32f0-stdperiph/stm32f0xx_crc.o ./system/src/stm32f0-stdperiph/stm32f0xx_crs.o ./system/src/stm32f0-stdperiph/stm32f0xx_dac.o ./system/src/stm32f0-stdperiph/stm32f0xx_dbgmcu.o ./system/src/stm32f0-stdperiph/stm32f0xx_dma.o ./system/src/stm32f0-stdperiph/stm32f0xx_exti.o ./system/src/stm32f0-stdperiph/stm32f0xx_flash.o ./system/src/stm32f0-stdperiph/stm32f0xx_gpio.o ./system/src/stm32f0-stdperiph/stm32f0xx_i2c.o ./system/src/stm32f0-stdperiph/stm32f0xx_iwdg.o ./system/src/stm32f0-stdperiph/stm32f0xx_misc.o ./system/src/stm32f0-stdperiph/stm32f0xx_pwr.o ./system/src/stm32f0-stdperiph/stm32f0xx_rcc.o ./system/src/stm32f0-stdperiph/stm32f0xx_rtc.o ./system/src/stm32f0-stdperiph/stm32f0xx_spi.o ./system/src/stm32f0-stdperiph/stm32f0xx_syscfg.o ./system/src/stm32f0-stdperiph/stm32f0xx_tim.o ./system/src/stm32f0-stdperiph/stm32f0xx_usart.o ./system/src/stm32f0-stdperiph/stm32f0xx_wwdg.o  ./system/src/newlib/_cxx.o ./system/src/newlib/_exit.o ./system/src/newlib/_sbrk.o ./system/src/newlib/_startup.o ./system/src/newlib/_syscalls.o ./system/src/newlib/assert.o  ./system/src/diag/Trace.o ./system/src/diag/trace_impl.o  ./system/src/cortexm/_initialize_hardware.o ./system/src/cortexm/_reset_hardware.o ./system/src/cortexm/exception_handlers.o  ./system/src/cmsis/system_stm32f0xx.o ./system/src/cmsis/vectors_stm32f0xx.o  ./src/MCU/led.o ./src/MCU/tick.o ./src/MCU/usart2.o  ./src/ADC.o ./src/FIFO.o ./src/Terminal.o ./src/main.o   
Finished building target: Temperature.elf
 
make --no-print-directory post-build
Binary
arm-none-eabi-objcopy -S  -O binary  "Temperature.elf" "Temperature.bin"
 
Invoking: Cross ARM GNU Create Flash Image
arm-none-eabi-objcopy -O ihex "Temperature.elf"  "Temperature.hex"
Finished building: Temperature.hex
 
Invoking: Cross ARM GNU Print Size
arm-none-eabi-size --format=berkeley "Temperature.elf"
   text	   data	    bss	    dec	    hex	filename
  23208	    268	   3272	  26748	   687c	Temperature.elf
Finished building: Temperature.siz
 
19:30:31 **** Incremental Build of configuration Debug for project Temperature ****
make all 
Invoking: Cross ARM GNU Print Size
arm-none-eabi-size --format=berkeley "Temperature.elf"
   text	   data	    bss	    dec	    hex	filename
  23208	    268	   3272	  26748	   687c	Temperature.elf
Finished building: Temperature.siz
 
20:27:55 **** Incremental Build of configuration Debug for project Temperature ****
make all 
Invoking: Cross ARM GNU Print Size
arm-none-eabi-size --format=berkeley "Temperature.elf"
   text	   data	    bss	    dec	    hex	filename
  23208	    268	   3272	  26748	   687c	Temperature.elf
Finished building: Temperature.siz
 
20:31:51 **** Incremental Build of configuration Debug for project Temperature ****
make all 
Invoking: Cross ARM GNU Print Size
arm-none-eabi-size --format=berkeley "Temperature.elf"
   text	   data	    bss	    dec	    hex	filename
  23208	    268	   3272	  26748	   687c	Temperature.elf
Finished building: Temperature.siz
 
20:31:55 **** Incremental Build of configuration Debug for project Temperature ****
make all 
Invoking: Cross ARM GNU Print Size
arm-none-eabi-size --format=berkeley "Temperature.elf"
   text	   data	    bss	    dec	    hex	filename
  23208	    268	   3272	  26748	   687c	Temperature.elf
Finished building: Temperature.siz
 
20:31:59 **** Incremental Build of configuration Debug for project Temperature ****
make all 
Invoking: Cross ARM GNU Print Size
arm-none-eabi-size --format=berkeley "Temperature.elf"
   text	   data	    bss	    dec	    hex	filename
  23208	    268	   3272	  26748	   687c	Temperature.elf
Finished building: Temperature.siz
 
20:32:08 **** Incremental Build of configuration Debug for project Temperature ****
make all 
Building file: ../src/Terminal.c
Invoking: Cross ARM C Compiler
arm-none-eabi-gcc -mcpu=cortex-m0 -mthumb -Og -fmessage-length=0 -fsigned-char -ffunction-sections -fdata-sections -ffreestanding -fno-move-loop-invariants -Wall -Wextra  -g3 -DDEBUG -DUSE_FULL_ASSERT -DTRACE -DOS_USE_TRACE_SEMIHOSTING_DEBUG -DSTM32F030 -DUSE_STDPERIPH_DRIVER -DHSE_VALUE=8000000 -I"../include" -I"../system/include" -I"../system/include/cmsis" -I"../system/include/stm32f0-stdperiph" -std=gnu11 -MMD -MP -MF"src/Terminal.d" -MT"src/Terminal.o" -c -o "src/Terminal.o" "../src/Terminal.c"
../src/Terminal.c: In function 'ProcessData':
../src/Terminal.c:173:18: warning: comparison of constant '115' with boolean expression is always false [-Wbool-compare]
  } else if ( 's' == !destination->List[0].Type && 'S' == !destination->List[0].Type)
                  ^
../src/Terminal.c:173:55: warning: comparison of constant '83' with boolean expression is always false [-Wbool-compare]
  } else if ( 's' == !destination->List[0].Type && 'S' == !destination->List[0].Type)
                                                       ^
../src/Terminal.c: In function 'RunCommand':
../src/Terminal.c:270:15: warning: pointer targets in passing argument 1 of 'snprintf' differ in signedness [-Wpointer-sign]
      snprintf(&message[0], 25, "%d", adcReading);
               ^
In file included from /usr/local/gcc-arm-none-eabi-5_3-2016q1/arm-none-eabi/include/stdio.h:29:0,
                 from ../include/common.h:9,
                 from ../src/Terminal.c:6:
/usr/local/gcc-arm-none-eabi-5_3-2016q1/arm-none-eabi/include/stdio.h:247:5: note: expected 'char * restrict' but argument is of type 'unsigned char *'
 int _EXFUN(snprintf, (char *__restrict, size_t, const char *__restrict, ...)
     ^
../src/Terminal.c:275:15: warning: pointer targets in passing argument 1 of 'snprintf' differ in signedness [-Wpointer-sign]
      snprintf(&message[0], 25, "%d", adcTempCelsius);
               ^
In file included from /usr/local/gcc-arm-none-eabi-5_3-2016q1/arm-none-eabi/include/stdio.h:29:0,
                 from ../include/common.h:9,
                 from ../src/Terminal.c:6:
/usr/local/gcc-arm-none-eabi-5_3-2016q1/arm-none-eabi/include/stdio.h:247:5: note: expected 'char * restrict' but argument is of type 'unsigned char *'
 int _EXFUN(snprintf, (char *__restrict, size_t, const char *__restrict, ...)
     ^
../src/Terminal.c:275:32: warning: format '%d' expects argument of type 'int', but argument 4 has type 'double' [-Wformat=]
      snprintf(&message[0], 25, "%d", adcTempCelsius);
                                ^
Finished building: ../src/Terminal.c
 
Building target: Temperature.elf
Invoking: Cross ARM C++ Linker
arm-none-eabi-g++ -mcpu=cortex-m0 -mthumb -Og -fmessage-length=0 -fsigned-char -ffunction-sections -fdata-sections -ffreestanding -fno-move-loop-invariants -Wall -Wextra  -g3 -T mem.ld -T libs.ld -T sections.ld -nostartfiles -Xlinker --gc-sections -L"../ldscripts" -Wl,-Map,"Temperature.map" --specs=nano.specs -o "Temperature.elf"  ./system/src/stm32f0-stdperiph/stm32f0xx_adc.o ./system/src/stm32f0-stdperiph/stm32f0xx_can.o ./system/src/stm32f0-stdperiph/stm32f0xx_cec.o ./system/src/stm32f0-stdperiph/stm32f0xx_comp.o ./system/src/stm32f0-stdperiph/stm32f0xx_crc.o ./system/src/stm32f0-stdperiph/stm32f0xx_crs.o ./system/src/stm32f0-stdperiph/stm32f0xx_dac.o ./system/src/stm32f0-stdperiph/stm32f0xx_dbgmcu.o ./system/src/stm32f0-stdperiph/stm32f0xx_dma.o ./system/src/stm32f0-stdperiph/stm32f0xx_exti.o ./system/src/stm32f0-stdperiph/stm32f0xx_flash.o ./system/src/stm32f0-stdperiph/stm32f0xx_gpio.o ./system/src/stm32f0-stdperiph/stm32f0xx_i2c.o ./system/src/stm32f0-stdperiph/stm32f0xx_iwdg.o ./system/src/stm32f0-stdperiph/stm32f0xx_misc.o ./system/src/stm32f0-stdperiph/stm32f0xx_pwr.o ./system/src/stm32f0-stdperiph/stm32f0xx_rcc.o ./system/src/stm32f0-stdperiph/stm32f0xx_rtc.o ./system/src/stm32f0-stdperiph/stm32f0xx_spi.o ./system/src/stm32f0-stdperiph/stm32f0xx_syscfg.o ./system/src/stm32f0-stdperiph/stm32f0xx_tim.o ./system/src/stm32f0-stdperiph/stm32f0xx_usart.o ./system/src/stm32f0-stdperiph/stm32f0xx_wwdg.o  ./system/src/newlib/_cxx.o ./system/src/newlib/_exit.o ./system/src/newlib/_sbrk.o ./system/src/newlib/_startup.o ./system/src/newlib/_syscalls.o ./system/src/newlib/assert.o  ./system/src/diag/Trace.o ./system/src/diag/trace_impl.o  ./system/src/cortexm/_initialize_hardware.o ./system/src/cortexm/_reset_hardware.o ./system/src/cortexm/exception_handlers.o  ./system/src/cmsis/system_stm32f0xx.o ./system/src/cmsis/vectors_stm32f0xx.o  ./src/MCU/led.o ./src/MCU/tick.o ./src/MCU/usart2.o  ./src/ADC.o ./src/FIFO.o ./src/Terminal.o ./src/main.o   
Finished building target: Temperature.elf
 
make --no-print-directory post-build
Binary
arm-none-eabi-objcopy -S  -O binary  "Temperature.elf" "Temperature.bin"
 
Invoking: Cross ARM GNU Create Flash Image
arm-none-eabi-objcopy -O ihex "Temperature.elf"  "Temperature.hex"
Finished building: Temperature.hex
 
Invoking: Cross ARM GNU Print Size
arm-none-eabi-size --format=berkeley "Temperature.elf"
   text	   data	    bss	    dec	    hex	filename
  23200	    268	   3272	  26740	   6874	Temperature.elf
Finished building: Temperature.siz
 
20:32:48 **** Incremental Build of configuration Debug for project Temperature ****
make all 
Building file: ../src/ADC.c
Invoking: Cross ARM C Compiler
arm-none-eabi-gcc -mcpu=cortex-m0 -mthumb -Og -fmessage-length=0 -fsigned-char -ffunction-sections -fdata-sections -ffreestanding -fno-move-loop-invariants -Wall -Wextra  -g3 -DDEBUG -DUSE_FULL_ASSERT -DTRACE -DOS_USE_TRACE_SEMIHOSTING_DEBUG -DSTM32F030 -DUSE_STDPERIPH_DRIVER -DHSE_VALUE=8000000 -I"../include" -I"../system/include" -I"../system/include/cmsis" -I"../system/include/stm32f0-stdperiph" -std=gnu11 -MMD -MP -MF"src/ADC.d" -MT"src/ADC.o" -c -o "src/ADC.o" "../src/ADC.c"
../src/ADC.c: In function 'ADC_ReadNorm':
../src/ADC.c:64:41: warning: unused parameter 'channel' [-Wunused-parameter]
 uint_fast8_t ADC_ReadNorm(uint_fast32_t channel, float *destination) {
                                         ^
../src/ADC.c:64:57: warning: unused parameter 'destination' [-Wunused-parameter]
 uint_fast8_t ADC_ReadNorm(uint_fast32_t channel, float *destination) {
                                                         ^
../src/ADC.c: At top level:
../src/ADC.c:86:9: error: conflicting types for 'ADC_CalibratedTemperature'
 int32_t ADC_CalibratedTemperature(uint_fast16_t rawData) {
         ^
In file included from ../src/ADC.c:8:0:
../include/MCU/ADC.h:18:7: note: previous declaration of 'ADC_CalibratedTemperature' was here
 float ADC_CalibratedTemperature(uint_fast16_t rawData);
       ^
make: *** [src/ADC.o] Error 1
20:33:07 **** Incremental Build of configuration Debug for project Temperature ****
make all 
Building file: ../src/ADC.c
Invoking: Cross ARM C Compiler
arm-none-eabi-gcc -mcpu=cortex-m0 -mthumb -Og -fmessage-length=0 -fsigned-char -ffunction-sections -fdata-sections -ffreestanding -fno-move-loop-invariants -Wall -Wextra  -g3 -DDEBUG -DUSE_FULL_ASSERT -DTRACE -DOS_USE_TRACE_SEMIHOSTING_DEBUG -DSTM32F030 -DUSE_STDPERIPH_DRIVER -DHSE_VALUE=8000000 -I"../include" -I"../system/include" -I"../system/include/cmsis" -I"../system/include/stm32f0-stdperiph" -std=gnu11 -MMD -MP -MF"src/ADC.d" -MT"src/ADC.o" -c -o "src/ADC.o" "../src/ADC.c"
../src/ADC.c: In function 'ADC_ReadNorm':
../src/ADC.c:64:41: warning: unused parameter 'channel' [-Wunused-parameter]
 uint_fast8_t ADC_ReadNorm(uint_fast32_t channel, float *destination) {
                                         ^
../src/ADC.c:64:57: warning: unused parameter 'destination' [-Wunused-parameter]
 uint_fast8_t ADC_ReadNorm(uint_fast32_t channel, float *destination) {
                                                         ^
Finished building: ../src/ADC.c
 
Building file: ../src/Terminal.c
Invoking: Cross ARM C Compiler
arm-none-eabi-gcc -mcpu=cortex-m0 -mthumb -Og -fmessage-length=0 -fsigned-char -ffunction-sections -fdata-sections -ffreestanding -fno-move-loop-invariants -Wall -Wextra  -g3 -DDEBUG -DUSE_FULL_ASSERT -DTRACE -DOS_USE_TRACE_SEMIHOSTING_DEBUG -DSTM32F030 -DUSE_STDPERIPH_DRIVER -DHSE_VALUE=8000000 -I"../include" -I"../system/include" -I"../system/include/cmsis" -I"../system/include/stm32f0-stdperiph" -std=gnu11 -MMD -MP -MF"src/Terminal.d" -MT"src/Terminal.o" -c -o "src/Terminal.o" "../src/Terminal.c"
../src/Terminal.c: In function 'ProcessData':
../src/Terminal.c:173:18: warning: comparison of constant '115' with boolean expression is always false [-Wbool-compare]
  } else if ( 's' == !destination->List[0].Type && 'S' == !destination->List[0].Type)
                  ^
../src/Terminal.c:173:55: warning: comparison of constant '83' with boolean expression is always false [-Wbool-compare]
  } else if ( 's' == !destination->List[0].Type && 'S' == !destination->List[0].Type)
                                                       ^
../src/Terminal.c: In function 'RunCommand':
../src/Terminal.c:270:15: warning: pointer targets in passing argument 1 of 'snprintf' differ in signedness [-Wpointer-sign]
      snprintf(&message[0], 25, "%d", adcReading);
               ^
In file included from /usr/local/gcc-arm-none-eabi-5_3-2016q1/arm-none-eabi/include/stdio.h:29:0,
                 from ../include/common.h:9,
                 from ../src/Terminal.c:6:
/usr/local/gcc-arm-none-eabi-5_3-2016q1/arm-none-eabi/include/stdio.h:247:5: note: expected 'char * restrict' but argument is of type 'unsigned char *'
 int _EXFUN(snprintf, (char *__restrict, size_t, const char *__restrict, ...)
     ^
../src/Terminal.c:275:15: warning: pointer targets in passing argument 1 of 'snprintf' differ in signedness [-Wpointer-sign]
      snprintf(&message[0], 25, "%d", adcTempCelsius);
               ^
In file included from /usr/local/gcc-arm-none-eabi-5_3-2016q1/arm-none-eabi/include/stdio.h:29:0,
                 from ../include/common.h:9,
                 from ../src/Terminal.c:6:
/usr/local/gcc-arm-none-eabi-5_3-2016q1/arm-none-eabi/include/stdio.h:247:5: note: expected 'char * restrict' but argument is of type 'unsigned char *'
 int _EXFUN(snprintf, (char *__restrict, size_t, const char *__restrict, ...)
     ^
../src/Terminal.c:275:32: warning: format '%d' expects argument of type 'int', but argument 4 has type 'double' [-Wformat=]
      snprintf(&message[0], 25, "%d", adcTempCelsius);
                                ^
Finished building: ../src/Terminal.c
 
Building target: Temperature.elf
Invoking: Cross ARM C++ Linker
arm-none-eabi-g++ -mcpu=cortex-m0 -mthumb -Og -fmessage-length=0 -fsigned-char -ffunction-sections -fdata-sections -ffreestanding -fno-move-loop-invariants -Wall -Wextra  -g3 -T mem.ld -T libs.ld -T sections.ld -nostartfiles -Xlinker --gc-sections -L"../ldscripts" -Wl,-Map,"Temperature.map" --specs=nano.specs -o "Temperature.elf"  ./system/src/stm32f0-stdperiph/stm32f0xx_adc.o ./system/src/stm32f0-stdperiph/stm32f0xx_can.o ./system/src/stm32f0-stdperiph/stm32f0xx_cec.o ./system/src/stm32f0-stdperiph/stm32f0xx_comp.o ./system/src/stm32f0-stdperiph/stm32f0xx_crc.o ./system/src/stm32f0-stdperiph/stm32f0xx_crs.o ./system/src/stm32f0-stdperiph/stm32f0xx_dac.o ./system/src/stm32f0-stdperiph/stm32f0xx_dbgmcu.o ./system/src/stm32f0-stdperiph/stm32f0xx_dma.o ./system/src/stm32f0-stdperiph/stm32f0xx_exti.o ./system/src/stm32f0-stdperiph/stm32f0xx_flash.o ./system/src/stm32f0-stdperiph/stm32f0xx_gpio.o ./system/src/stm32f0-stdperiph/stm32f0xx_i2c.o ./system/src/stm32f0-stdperiph/stm32f0xx_iwdg.o ./system/src/stm32f0-stdperiph/stm32f0xx_misc.o ./system/src/stm32f0-stdperiph/stm32f0xx_pwr.o ./system/src/stm32f0-stdperiph/stm32f0xx_rcc.o ./system/src/stm32f0-stdperiph/stm32f0xx_rtc.o ./system/src/stm32f0-stdperiph/stm32f0xx_spi.o ./system/src/stm32f0-stdperiph/stm32f0xx_syscfg.o ./system/src/stm32f0-stdperiph/stm32f0xx_tim.o ./system/src/stm32f0-stdperiph/stm32f0xx_usart.o ./system/src/stm32f0-stdperiph/stm32f0xx_wwdg.o  ./system/src/newlib/_cxx.o ./system/src/newlib/_exit.o ./system/src/newlib/_sbrk.o ./system/src/newlib/_startup.o ./system/src/newlib/_syscalls.o ./system/src/newlib/assert.o  ./system/src/diag/Trace.o ./system/src/diag/trace_impl.o  ./system/src/cortexm/_initialize_hardware.o ./system/src/cortexm/_reset_hardware.o ./system/src/cortexm/exception_handlers.o  ./system/src/cmsis/system_stm32f0xx.o ./system/src/cmsis/vectors_stm32f0xx.o  ./src/MCU/led.o ./src/MCU/tick.o ./src/MCU/usart2.o  ./src/ADC.o ./src/FIFO.o ./src/Terminal.o ./src/main.o   
Finished building target: Temperature.elf
 
make --no-print-directory post-build
Binary
arm-none-eabi-objcopy -S  -O binary  "Temperature.elf" "Temperature.bin"
 
Invoking: Cross ARM GNU Create Flash Image
arm-none-eabi-objcopy -O ihex "Temperature.elf"  "Temperature.hex"
Finished building: Temperature.hex
 
Invoking: Cross ARM GNU Print Size
arm-none-eabi-size --format=berkeley "Temperature.elf"
   text	   data	    bss	    dec	    hex	filename
  23200	    268	   3272	  26740	   6874	Temperature.elf
Finished building: Temperature.siz
 
20:33:19 **** Incremental Build of configuration Debug for project Temperature ****
make all 
Building file: ../src/Terminal.c
Invoking: Cross ARM C Compiler
arm-none-eabi-gcc -mcpu=cortex-m0 -mthumb -Og -fmessage-length=0 -fsigned-char -ffunction-sections -fdata-sections -ffreestanding -fno-move-loop-invariants -Wall -Wextra  -g3 -DDEBUG -DUSE_FULL_ASSERT -DTRACE -DOS_USE_TRACE_SEMIHOSTING_DEBUG -DSTM32F030 -DUSE_STDPERIPH_DRIVER -DHSE_VALUE=8000000 -I"../include" -I"../system/include" -I"../system/include/cmsis" -I"../system/include/stm32f0-stdperiph" -std=gnu11 -MMD -MP -MF"src/Terminal.d" -MT"src/Terminal.o" -c -o "src/Terminal.o" "../src/Terminal.c"
../src/Terminal.c: In function 'ProcessData':
../src/Terminal.c:173:18: warning: comparison of constant '115' with boolean expression is always false [-Wbool-compare]
  } else if ( 's' == !destination->List[0].Type && 'S' == !destination->List[0].Type)
                  ^
../src/Terminal.c:173:55: warning: comparison of constant '83' with boolean expression is always false [-Wbool-compare]
  } else if ( 's' == !destination->List[0].Type && 'S' == !destination->List[0].Type)
                                                       ^
../src/Terminal.c: In function 'RunCommand':
../src/Terminal.c:270:15: warning: pointer targets in passing argument 1 of 'snprintf' differ in signedness [-Wpointer-sign]
      snprintf(&message[0], 25, "%d", adcReading);
               ^
In file included from /usr/local/gcc-arm-none-eabi-5_3-2016q1/arm-none-eabi/include/stdio.h:29:0,
                 from ../include/common.h:9,
                 from ../src/Terminal.c:6:
/usr/local/gcc-arm-none-eabi-5_3-2016q1/arm-none-eabi/include/stdio.h:247:5: note: expected 'char * restrict' but argument is of type 'unsigned char *'
 int _EXFUN(snprintf, (char *__restrict, size_t, const char *__restrict, ...)
     ^
../src/Terminal.c:275:15: warning: pointer targets in passing argument 1 of 'snprintf' differ in signedness [-Wpointer-sign]
      snprintf(&message[0], 25, "%d", adcTempCelsius);
               ^
In file included from /usr/local/gcc-arm-none-eabi-5_3-2016q1/arm-none-eabi/include/stdio.h:29:0,
                 from ../include/common.h:9,
                 from ../src/Terminal.c:6:
/usr/local/gcc-arm-none-eabi-5_3-2016q1/arm-none-eabi/include/stdio.h:247:5: note: expected 'char * restrict' but argument is of type 'unsigned char *'
 int _EXFUN(snprintf, (char *__restrict, size_t, const char *__restrict, ...)
     ^
../src/Terminal.c:275:32: warning: format '%d' expects argument of type 'int', but argument 4 has type 'long int' [-Wformat=]
      snprintf(&message[0], 25, "%d", adcTempCelsius);
                                ^
Finished building: ../src/Terminal.c
 
Building target: Temperature.elf
Invoking: Cross ARM C++ Linker
arm-none-eabi-g++ -mcpu=cortex-m0 -mthumb -Og -fmessage-length=0 -fsigned-char -ffunction-sections -fdata-sections -ffreestanding -fno-move-loop-invariants -Wall -Wextra  -g3 -T mem.ld -T libs.ld -T sections.ld -nostartfiles -Xlinker --gc-sections -L"../ldscripts" -Wl,-Map,"Temperature.map" --specs=nano.specs -o "Temperature.elf"  ./system/src/stm32f0-stdperiph/stm32f0xx_adc.o ./system/src/stm32f0-stdperiph/stm32f0xx_can.o ./system/src/stm32f0-stdperiph/stm32f0xx_cec.o ./system/src/stm32f0-stdperiph/stm32f0xx_comp.o ./system/src/stm32f0-stdperiph/stm32f0xx_crc.o ./system/src/stm32f0-stdperiph/stm32f0xx_crs.o ./system/src/stm32f0-stdperiph/stm32f0xx_dac.o ./system/src/stm32f0-stdperiph/stm32f0xx_dbgmcu.o ./system/src/stm32f0-stdperiph/stm32f0xx_dma.o ./system/src/stm32f0-stdperiph/stm32f0xx_exti.o ./system/src/stm32f0-stdperiph/stm32f0xx_flash.o ./system/src/stm32f0-stdperiph/stm32f0xx_gpio.o ./system/src/stm32f0-stdperiph/stm32f0xx_i2c.o ./system/src/stm32f0-stdperiph/stm32f0xx_iwdg.o ./system/src/stm32f0-stdperiph/stm32f0xx_misc.o ./system/src/stm32f0-stdperiph/stm32f0xx_pwr.o ./system/src/stm32f0-stdperiph/stm32f0xx_rcc.o ./system/src/stm32f0-stdperiph/stm32f0xx_rtc.o ./system/src/stm32f0-stdperiph/stm32f0xx_spi.o ./system/src/stm32f0-stdperiph/stm32f0xx_syscfg.o ./system/src/stm32f0-stdperiph/stm32f0xx_tim.o ./system/src/stm32f0-stdperiph/stm32f0xx_usart.o ./system/src/stm32f0-stdperiph/stm32f0xx_wwdg.o  ./system/src/newlib/_cxx.o ./system/src/newlib/_exit.o ./system/src/newlib/_sbrk.o ./system/src/newlib/_startup.o ./system/src/newlib/_syscalls.o ./system/src/newlib/assert.o  ./system/src/diag/Trace.o ./system/src/diag/trace_impl.o  ./system/src/cortexm/_initialize_hardware.o ./system/src/cortexm/_reset_hardware.o ./system/src/cortexm/exception_handlers.o  ./system/src/cmsis/system_stm32f0xx.o ./system/src/cmsis/vectors_stm32f0xx.o  ./src/MCU/led.o ./src/MCU/tick.o ./src/MCU/usart2.o  ./src/ADC.o ./src/FIFO.o ./src/Terminal.o ./src/main.o   
Finished building target: Temperature.elf
 
make --no-print-directory post-build
Binary
arm-none-eabi-objcopy -S  -O binary  "Temperature.elf" "Temperature.bin"
 
Invoking: Cross ARM GNU Create Flash Image
arm-none-eabi-objcopy -O ihex "Temperature.elf"  "Temperature.hex"
Finished building: Temperature.hex
 
Invoking: Cross ARM GNU Print Size
arm-none-eabi-size --format=berkeley "Temperature.elf"
   text	   data	    bss	    dec	    hex	filename
  22880	    268	   3272	  26420	   6734	Temperature.elf
Finished building: Temperature.siz
 
20:33:52 **** Incremental Build of configuration Debug for project Temperature ****
make all 
Building file: ../src/Terminal.c
Invoking: Cross ARM C Compiler
arm-none-eabi-gcc -mcpu=cortex-m0 -mthumb -Og -fmessage-length=0 -fsigned-char -ffunction-sections -fdata-sections -ffreestanding -fno-move-loop-invariants -Wall -Wextra  -g3 -DDEBUG -DUSE_FULL_ASSERT -DTRACE -DOS_USE_TRACE_SEMIHOSTING_DEBUG -DSTM32F030 -DUSE_STDPERIPH_DRIVER -DHSE_VALUE=8000000 -I"../include" -I"../system/include" -I"../system/include/cmsis" -I"../system/include/stm32f0-stdperiph" -std=gnu11 -MMD -MP -MF"src/Terminal.d" -MT"src/Terminal.o" -c -o "src/Terminal.o" "../src/Terminal.c"
../src/Terminal.c: In function 'ProcessData':
../src/Terminal.c:173:18: warning: comparison of constant '115' with boolean expression is always false [-Wbool-compare]
  } else if ( 's' == !destination->List[0].Type && 'S' == !destination->List[0].Type)
                  ^
../src/Terminal.c:173:55: warning: comparison of constant '83' with boolean expression is always false [-Wbool-compare]
  } else if ( 's' == !destination->List[0].Type && 'S' == !destination->List[0].Type)
                                                       ^
../src/Terminal.c: In function 'RunCommand':
../src/Terminal.c:270:15: warning: pointer targets in passing argument 1 of 'snprintf' differ in signedness [-Wpointer-sign]
      snprintf(&message[0], 25, "%d", adcReading);
               ^
In file included from /usr/local/gcc-arm-none-eabi-5_3-2016q1/arm-none-eabi/include/stdio.h:29:0,
                 from ../include/common.h:9,
                 from ../src/Terminal.c:6:
/usr/local/gcc-arm-none-eabi-5_3-2016q1/arm-none-eabi/include/stdio.h:247:5: note: expected 'char * restrict' but argument is of type 'unsigned char *'
 int _EXFUN(snprintf, (char *__restrict, size_t, const char *__restrict, ...)
     ^
../src/Terminal.c:275:15: warning: pointer targets in passing argument 1 of 'snprintf' differ in signedness [-Wpointer-sign]
      snprintf(&message[0], 25, "%d", adcTempCelsius);
               ^
In file included from /usr/local/gcc-arm-none-eabi-5_3-2016q1/arm-none-eabi/include/stdio.h:29:0,
                 from ../include/common.h:9,
                 from ../src/Terminal.c:6:
/usr/local/gcc-arm-none-eabi-5_3-2016q1/arm-none-eabi/include/stdio.h:247:5: note: expected 'char * restrict' but argument is of type 'unsigned char *'
 int _EXFUN(snprintf, (char *__restrict, size_t, const char *__restrict, ...)
     ^
../src/Terminal.c:275:32: warning: format '%d' expects argument of type 'int', but argument 4 has type 'long int' [-Wformat=]
      snprintf(&message[0], 25, "%d", adcTempCelsius);
                                ^
Finished building: ../src/Terminal.c
 
Building target: Temperature.elf
Invoking: Cross ARM C++ Linker
arm-none-eabi-g++ -mcpu=cortex-m0 -mthumb -Og -fmessage-length=0 -fsigned-char -ffunction-sections -fdata-sections -ffreestanding -fno-move-loop-invariants -Wall -Wextra  -g3 -T mem.ld -T libs.ld -T sections.ld -nostartfiles -Xlinker --gc-sections -L"../ldscripts" -Wl,-Map,"Temperature.map" --specs=nano.specs -o "Temperature.elf"  ./system/src/stm32f0-stdperiph/stm32f0xx_adc.o ./system/src/stm32f0-stdperiph/stm32f0xx_can.o ./system/src/stm32f0-stdperiph/stm32f0xx_cec.o ./system/src/stm32f0-stdperiph/stm32f0xx_comp.o ./system/src/stm32f0-stdperiph/stm32f0xx_crc.o ./system/src/stm32f0-stdperiph/stm32f0xx_crs.o ./system/src/stm32f0-stdperiph/stm32f0xx_dac.o ./system/src/stm32f0-stdperiph/stm32f0xx_dbgmcu.o ./system/src/stm32f0-stdperiph/stm32f0xx_dma.o ./system/src/stm32f0-stdperiph/stm32f0xx_exti.o ./system/src/stm32f0-stdperiph/stm32f0xx_flash.o ./system/src/stm32f0-stdperiph/stm32f0xx_gpio.o ./system/src/stm32f0-stdperiph/stm32f0xx_i2c.o ./system/src/stm32f0-stdperiph/stm32f0xx_iwdg.o ./system/src/stm32f0-stdperiph/stm32f0xx_misc.o ./system/src/stm32f0-stdperiph/stm32f0xx_pwr.o ./system/src/stm32f0-stdperiph/stm32f0xx_rcc.o ./system/src/stm32f0-stdperiph/stm32f0xx_rtc.o ./system/src/stm32f0-stdperiph/stm32f0xx_spi.o ./system/src/stm32f0-stdperiph/stm32f0xx_syscfg.o ./system/src/stm32f0-stdperiph/stm32f0xx_tim.o ./system/src/stm32f0-stdperiph/stm32f0xx_usart.o ./system/src/stm32f0-stdperiph/stm32f0xx_wwdg.o  ./system/src/newlib/_cxx.o ./system/src/newlib/_exit.o ./system/src/newlib/_sbrk.o ./system/src/newlib/_startup.o ./system/src/newlib/_syscalls.o ./system/src/newlib/assert.o  ./system/src/diag/Trace.o ./system/src/diag/trace_impl.o  ./system/src/cortexm/_initialize_hardware.o ./system/src/cortexm/_reset_hardware.o ./system/src/cortexm/exception_handlers.o  ./system/src/cmsis/system_stm32f0xx.o ./system/src/cmsis/vectors_stm32f0xx.o  ./src/MCU/led.o ./src/MCU/tick.o ./src/MCU/usart2.o  ./src/ADC.o ./src/FIFO.o ./src/Terminal.o ./src/main.o   
Finished building target: Temperature.elf
 
make --no-print-directory post-build
Binary
arm-none-eabi-objcopy -S  -O binary  "Temperature.elf" "Temperature.bin"
 
Invoking: Cross ARM GNU Create Flash Image
arm-none-eabi-objcopy -O ihex "Temperature.elf"  "Temperature.hex"
Finished building: Temperature.hex
 
Invoking: Cross ARM GNU Print Size
arm-none-eabi-size --format=berkeley "Temperature.elf"
   text	   data	    bss	    dec	    hex	filename
  22880	    268	   3272	  26420	   6734	Temperature.elf
Finished building: Temperature.siz
 
20:34:01 **** Incremental Build of configuration Debug for project Temperature ****
make all 
Invoking: Cross ARM GNU Print Size
arm-none-eabi-size --format=berkeley "Temperature.elf"
   text	   data	    bss	    dec	    hex	filename
  22880	    268	   3272	  26420	   6734	Temperature.elf
Finished building: Temperature.siz
 
